#
# A fatal error has been detected by the Java Runtime Environment:
#
#  SIGSEGV (0xb) at pc=0x00007fc6077c68ed, pid=6929, tid=0x00007fc5e08da700
#
# JRE version: Java(TM) SE Runtime Environment (8.0_172-b11) (build 1.8.0_172-b11)
# Java VM: Java HotSpot(TM) 64-Bit Server VM (25.172-b11 mixed mode linux-amd64 compressed oops)
# Problematic frame:
# V  [libjvm.so+0x5668ed]  Dictionary::find(int, unsigned int, Symbol*, ClassLoaderData*, Handle, Thread*)+0x2d
#
# Core dump written. Default location: /home/fito/AndroidStudioProjects/IMEIKotlin/core or core.6929
#
# If you would like to submit a bug report, please visit:
#   http://bugreport.java.com/bugreport/crash.jsp
#

---------------  T H R E A D  ---------------

Current thread (0x00007fc59c004800):  JavaThread "RMI TCP Connection(9)-127.0.0.1" daemon [_thread_in_vm, id=7583, stack(0x00007fc5e07da000,0x00007fc5e08db000)]

siginfo: si_signo: 11 (SIGSEGV), si_code: 128 (SI_KERNEL), si_addr: 0x0000000000000000

Registers:
RAX=0xca564f9d4e6f47b8, RBX=0xca564f9d4e6f47b8, RCX=0x00007fc584058b80, RDX=0x000000004c6b6dbd
RSP=0x00007fc5e08d56f0, RBP=0x00007fc5e08d5700, RSI=0x00007fc600031c38, RDI=0x00007fc600028ef0
R8 =0x00007fc574092440, R9 =0x00007fc59c006d20, R10=0x00000000009c7390, R11=0x0000000000001c6a
R12=0x0000000000000000, R13=0x00007fc59c004800, R14=0x00007fc59c006d28, R15=0x00007fc574092440
RIP=0x00007fc6077c68ed, EFLAGS=0x0000000000010286, CSGSFS=0x002b000000000033, ERR=0x0000000000000000
  TRAPNO=0x000000000000000d

Top of Stack: (sp=0x00007fc5e08d56f0)
0x00007fc5e08d56f0:   000000001077075d 0000000000000000
0x00007fc5e08d5700:   00007fc5e08d5830 00007fc607ca6127
0x00007fc5e08d5710:   00007fc59c004800 00007fc607ca163b
0x00007fc5e08d5720:   000003b89c006d40 0000032d9c004800
0x00007fc5e08d5730:   00007fc59c006d20 00007fc584058b80
0x00007fc5e08d5740:   00007fc574092440 4c6b6dbd000f7de0
0x00007fc5e08d5750:   00007fc59c006d68 00007fc59c006d60
0x00007fc5e08d5760:   00007fc5e08d5790 00007fc607c4c785
0x00007fc5e08d5770:   00007fc5e08d57a0 0000000000000000
0x00007fc5e08d5780:   0000005e05f6794a fffff1b6d11c65dd
0x00007fc5e08d5790:   00007fc5e08d57f0 00007fc607ca185a
0x00007fc5e08d57a0:   00007fc584418790 000000510000004f
0x00007fc5e08d57b0:   00007f010000000e 00007fc5a8035360
0x00007fc5e08d57c0:   00007fc5e08d5840 00007fc59c006d68
0x00007fc5e08d57d0:   00007fc59c006d60 00000000a000f868
0x00007fc5e08d57e0:   0000005e05f6794a fffff1b6d11c65dd
0x00007fc5e08d57f0:   00007fc5e08d58f0 00007fc607a5bf09
0x00007fc5e08d5800:   00007fc604a8d480 00007fc59c004800
0x00007fc5e08d5810:   00007fc59c006d20 00007fc59c006d18
0x00007fc5e08d5820:   00007fc584058b80 0000000000000001
0x00007fc5e08d5830:   00007fc5e08d5870 00007fc607ca7c03
0x00007fc5e08d5840:   0000000100b29a30 00007fc59c0052d0
0x00007fc5e08d5850:   00000000e7f8bf38 0000000000000001
0x00007fc5e08d5860:   00000000000000e6 00007fc59c004800
0x00007fc5e08d5870:   00007fc5e08d6050 00007fc607758868
0x00007fc5e08d5880:   00007fc5e08d5b20 00007fc5e08d5c00
0x00007fc5e08d5890:   000000e69c005290 00007fc5e08d6060
0x00007fc5e08d58a0:   00007fc584058b80 00007fc5e08d58e0
0x00007fc5e08d58b0:   0000000000000730 00007fc59c006d18
0x00007fc5e08d58c0:   00007fc59c006d18 00007fc59c000b20
0x00007fc5e08d58d0:   00007fc5e08d5910 00007fc607cb13cd
0x00007fc5e08d58e0:   00007fc5e30ec6e8 00007fc59c004800 

Instructions: (pc=0x00007fc6077c68ed)
0x00007fc6077c68cd:   53 48 03 77 08 48 8b 1e 48 85 db 75 13 e9 89 00
0x00007fc6077c68dd:   00 00 90 48 8b 43 08 48 89 c3 48 83 e3 fe 74 7b
0x00007fc6077c68ed:   3b 13 90 75 ee 48 8b 7b 10 48 3b 4f 10 75 e4 4c
0x00007fc6077c68fd:   3b 43 20 75 de 48 8b 05 97 b2 a1 00 80 38 00 74 

Register to memory mapping:

RAX=0xca564f9d4e6f47b8 is an unknown value
RBX=0xca564f9d4e6f47b8 is an unknown value
RCX=0x00007fc584058b80 is an unknown value
RDX=0x000000004c6b6dbd is an unknown value
RSP=0x00007fc5e08d56f0 is pointing into the stack for thread: 0x00007fc59c004800
RBP=0x00007fc5e08d5700 is pointing into the stack for thread: 0x00007fc59c004800
RSI=0x00007fc600031c38 is an unknown value
RDI=0x00007fc600028ef0 is an unknown value
R8 =0x00007fc574092440 is an unknown value
R9 =0x00007fc59c006d20 is an unknown value
R10=0x00000000009c7390 is an unknown value
R11=0x0000000000001c6a is an unknown value
R12=0x0000000000000000 is an unknown value
R13=0x00007fc59c004800 is a thread
R14=0x00007fc59c006d28 is an unknown value
R15=0x00007fc574092440 is an unknown value


Stack: [0x00007fc5e07da000,0x00007fc5e08db000],  sp=0x00007fc5e08d56f0,  free space=1005k
Native frames: (J=compiled Java code, j=interpreted, Vv=VM code, C=native code)
V  [libjvm.so+0x5668ed]  Dictionary::find(int, unsigned int, Symbol*, ClassLoaderData*, Handle, Thread*)+0x2d
V  [libjvm.so+0xa46127]  SystemDictionary::resolve_instance_class_or_null(Symbol*, Handle, Handle, Thread*)+0x187
V  [libjvm.so+0xa47c03]  SystemDictionary::resolve_or_fail(Symbol*, Handle, Handle, bool, Thread*)+0x33
V  [libjvm.so+0x4f8868]  ConstantPool::klass_at_impl(constantPoolHandle, int, Thread*)+0x158
V  [libjvm.so+0x68bd41]  InterpreterRuntime::_new(JavaThread*, ConstantPool*, int)+0x71
j  org.jetbrains.kotlin.android.synthetic.AndroidComponentRegistrar$Companion.registerViewExtensions(Lorg/jetbrains/kotlin/config/CompilerConfiguration;ZLorg/jetbrains/kotlin/com/intellij/mock/MockProject;)V+318
j  org.jetbrains.kotlin.android.synthetic.AndroidComponentRegistrar.registerProjectComponents(Lorg/jetbrains/kotlin/com/intellij/mock/MockProject;Lorg/jetbrains/kotlin/config/CompilerConfiguration;)V+112
j  org.jetbrains.kotlin.cli.jvm.compiler.KotlinCoreEnvironment.<init>(Lorg/jetbrains/kotlin/com/intellij/openapi/Disposable;Lorg/jetbrains/kotlin/com/intellij/core/JavaCoreApplicationEnvironment;Lorg/jetbrains/kotlin/config/CompilerConfiguration;Lorg/jetbrains/kotlin/cli/jvm/compiler/EnvironmentConfigFiles;)V+348
j  org.jetbrains.kotlin.cli.jvm.compiler.KotlinCoreEnvironment.<init>(Lorg/jetbrains/kotlin/com/intellij/openapi/Disposable;Lorg/jetbrains/kotlin/com/intellij/core/JavaCoreApplicationEnvironment;Lorg/jetbrains/kotlin/config/CompilerConfiguration;Lorg/jetbrains/kotlin/cli/jvm/compiler/EnvironmentConfigFiles;Lkotlin/jvm/internal/DefaultConstructorMarker;)V+6
j  org.jetbrains.kotlin.cli.jvm.compiler.KotlinCoreEnvironment$Companion.createForProduction(Lorg/jetbrains/kotlin/com/intellij/openapi/Disposable;Lorg/jetbrains/kotlin/config/CompilerConfiguration;Lorg/jetbrains/kotlin/cli/jvm/compiler/EnvironmentConfigFiles;)Lorg/jetbrains/kotlin/cli/jvm/compiler/KotlinCoreEnvironment;+69
j  org.jetbrains.kotlin.cli.jvm.K2JVMCompiler.createCoreEnvironment(Lorg/jetbrains/kotlin/com/intellij/openapi/Disposable;Lorg/jetbrains/kotlin/config/CompilerConfiguration;Lorg/jetbrains/kotlin/cli/common/messages/MessageCollector;)Lorg/jetbrains/kotlin/cli/jvm/compiler/KotlinCoreEnvironment;+19
j  org.jetbrains.kotlin.cli.jvm.K2JVMCompiler.doExecute(Lorg/jetbrains/kotlin/cli/common/arguments/K2JVMCompilerArguments;Lorg/jetbrains/kotlin/config/CompilerConfiguration;Lorg/jetbrains/kotlin/com/intellij/openapi/Disposable;Lorg/jetbrains/kotlin/utils/KotlinPaths;)Lorg/jetbrains/kotlin/cli/common/ExitCode;+675
j  org.jetbrains.kotlin.cli.jvm.K2JVMCompiler.doExecute(Lorg/jetbrains/kotlin/cli/common/arguments/CommonCompilerArguments;Lorg/jetbrains/kotlin/config/CompilerConfiguration;Lorg/jetbrains/kotlin/com/intellij/openapi/Disposable;Lorg/jetbrains/kotlin/utils/KotlinPaths;)Lorg/jetbrains/kotlin/cli/common/ExitCode;+9
j  org.jetbrains.kotlin.cli.common.CLICompiler.execImpl(Lorg/jetbrains/kotlin/cli/common/messages/MessageCollector;Lorg/jetbrains/kotlin/config/Services;Lorg/jetbrains/kotlin/cli/common/arguments/CommonCompilerArguments;)Lorg/jetbrains/kotlin/cli/common/ExitCode;+144
j  org.jetbrains.kotlin.cli.common.CLICompiler.execImpl(Lorg/jetbrains/kotlin/cli/common/messages/MessageCollector;Lorg/jetbrains/kotlin/config/Services;Lorg/jetbrains/kotlin/cli/common/arguments/CommonToolArguments;)Lorg/jetbrains/kotlin/cli/common/ExitCode;+7
j  org.jetbrains.kotlin.cli.common.CLITool.exec(Lorg/jetbrains/kotlin/cli/common/messages/MessageCollector;Lorg/jetbrains/kotlin/config/Services;Lorg/jetbrains/kotlin/cli/common/arguments/CommonToolArguments;)Lorg/jetbrains/kotlin/cli/common/ExitCode;+77
j  org.jetbrains.kotlin.incremental.IncrementalJvmCompilerRunner.runCompiler(Ljava/util/Set;Lorg/jetbrains/kotlin/cli/common/arguments/K2JVMCompilerArguments;Lorg/jetbrains/kotlin/incremental/IncrementalJvmCachesManager;Lorg/jetbrains/kotlin/config/Services;Lorg/jetbrains/kotlin/cli/common/messages/MessageCollector;)Lorg/jetbrains/kotlin/cli/common/ExitCode;+362
j  org.jetbrains.kotlin.incremental.IncrementalJvmCompilerRunner.runCompiler(Ljava/util/Set;Lorg/jetbrains/kotlin/cli/common/arguments/CommonCompilerArguments;Lorg/jetbrains/kotlin/incremental/IncrementalCachesManager;Lorg/jetbrains/kotlin/config/Services;Lorg/jetbrains/kotlin/cli/common/messages/MessageCollector;)Lorg/jetbrains/kotlin/cli/common/ExitCode;+14
j  org.jetbrains.kotlin.incremental.IncrementalCompilerRunner.compileIncrementally(Lorg/jetbrains/kotlin/cli/common/arguments/CommonCompilerArguments;Lorg/jetbrains/kotlin/incremental/IncrementalCachesManager;Ljava/util/List;Lorg/jetbrains/kotlin/incremental/IncrementalCompilerRunner$CompilationMode;Lorg/jetbrains/kotlin/cli/common/messages/MessageCollector;)Lorg/jetbrains/kotlin/cli/common/ExitCode;+452
j  org.jetbrains.kotlin.incremental.IncrementalCompilerRunner.access$compileIncrementally(Lorg/jetbrains/kotlin/incremental/IncrementalCompilerRunner;Lorg/jetbrains/kotlin/cli/common/arguments/CommonCompilerArguments;Lorg/jetbrains/kotlin/incremental/IncrementalCachesManager;Ljava/util/List;Lorg/jetbrains/kotlin/incremental/IncrementalCompilerRunner$CompilationMode;Lorg/jetbrains/kotlin/cli/common/messages/MessageCollector;)Lorg/jetbrains/kotlin/cli/common/ExitCode;+8
j  org.jetbrains.kotlin.incremental.IncrementalCompilerRunner$compile$2.invoke(Lkotlin/jvm/functions/Function0;)Lorg/jetbrains/kotlin/cli/common/ExitCode;+349
j  org.jetbrains.kotlin.incremental.IncrementalCompilerRunner.compile(Ljava/util/List;Lorg/jetbrains/kotlin/cli/common/arguments/CommonCompilerArguments;Lorg/jetbrains/kotlin/cli/common/messages/MessageCollector;Lorg/jetbrains/kotlin/incremental/ChangedFiles;)Lorg/jetbrains/kotlin/cli/common/ExitCode;+196
j  org.jetbrains.kotlin.daemon.CompileServiceImpl.execIncrementalCompiler(Lorg/jetbrains/kotlin/cli/common/arguments/K2JVMCompilerArguments;Lorg/jetbrains/kotlin/daemon/common/IncrementalCompilationOptions;Lorg/jetbrains/kotlin/daemon/common/IncrementalCompilerServicesFacade;Lorg/jetbrains/kotlin/daemon/common/CompilationResults;Lorg/jetbrains/kotlin/cli/common/messages/MessageCollector;Lorg/jetbrains/kotlin/daemon/report/DaemonMessageReporter;)Lorg/jetbrains/kotlin/cli/common/ExitCode;+1214
j  org.jetbrains.kotlin.daemon.CompileServiceImpl.access$execIncrementalCompiler(Lorg/jetbrains/kotlin/daemon/CompileServiceImpl;Lorg/jetbrains/kotlin/cli/common/arguments/K2JVMCompilerArguments;Lorg/jetbrains/kotlin/daemon/common/IncrementalCompilationOptions;Lorg/jetbrains/kotlin/daemon/common/IncrementalCompilerServicesFacade;Lorg/jetbrains/kotlin/daemon/common/CompilationResults;Lorg/jetbrains/kotlin/cli/common/messages/MessageCollector;Lorg/jetbrains/kotlin/daemon/report/DaemonMessageReporter;)Lorg/jetbrains/kotlin/cli/common/ExitCode;+10
j  org.jetbrains.kotlin.daemon.CompileServiceImpl$compile$$inlined$ifAlive$lambda$2.invoke(Lorg/jetbrains/kotlin/daemon/EventManager;Lorg/jetbrains/kotlin/daemon/common/Profiler;)Lorg/jetbrains/kotlin/cli/common/ExitCode;+50
j  org.jetbrains.kotlin.daemon.CompileServiceImpl$compile$$inlined$ifAlive$lambda$2.invoke(Ljava/lang/Object;Ljava/lang/Object;)Ljava/lang/Object;+9
j  org.jetbrains.kotlin.daemon.CompileServiceImpl$doCompile$$inlined$ifAlive$lambda$2.invoke()I+12
j  org.jetbrains.kotlin.daemon.CompileServiceImpl$doCompile$$inlined$ifAlive$lambda$2.invoke()Ljava/lang/Object;+1
j  org.jetbrains.kotlin.daemon.common.DummyProfiler.withMeasure(Ljava/lang/Object;Lkotlin/jvm/functions/Function0;)Ljava/lang/Object;+7
j  org.jetbrains.kotlin.daemon.CompileServiceImpl.checkedCompile(Lorg/jetbrains/kotlin/daemon/report/DaemonMessageReporter;Lorg/jetbrains/kotlin/daemon/common/Profiler;Lkotlin/jvm/functions/Function0;)Ljava/lang/Object;+41
j  org.jetbrains.kotlin.daemon.CompileServiceImpl.doCompile(ILorg/jetbrains/kotlin/daemon/report/DaemonMessageReporter;Lorg/jetbrains/kotlin/daemon/common/RemoteOperationsTracer;Lkotlin/jvm/functions/Function2;)Lorg/jetbrains/kotlin/daemon/common/CompileService$CallResult;+300
j  org.jetbrains.kotlin.daemon.CompileServiceImpl.compile(I[Ljava/lang/String;Lorg/jetbrains/kotlin/daemon/common/CompilationOptions;Lorg/jetbrains/kotlin/daemon/common/CompilerServicesFacadeBase;Lorg/jetbrains/kotlin/daemon/common/CompilationResults;)Lorg/jetbrains/kotlin/daemon/common/CompileService$CallResult;+735
v  ~StubRoutines::call_stub
V  [libjvm.so+0x697876]  JavaCalls::call_helper(JavaValue*, methodHandle*, JavaCallArguments*, Thread*)+0x1056
V  [libjvm.so+0x9a67b7]  Reflection::invoke(instanceKlassHandle, methodHandle, Handle, bool, objArrayHandle, BasicType, objArrayHandle, bool, Thread*)+0x5d7
V  [libjvm.so+0x9a9ec7]  Reflection::invoke_method(oopDesc*, Handle, objArrayHandle, Thread*)+0x147
V  [libjvm.so+0x729a3b]  JVM_InvokeMethod+0x26b
J 1796  sun.reflect.NativeMethodAccessorImpl.invoke0(Ljava/lang/reflect/Method;Ljava/lang/Object;[Ljava/lang/Object;)Ljava/lang/Object; (0 bytes) @ 0x00007fc5f157566d [0x00007fc5f1575580+0xed]
J 1330 C1 sun.reflect.NativeMethodAccessorImpl.invoke(Ljava/lang/Object;[Ljava/lang/Object;)Ljava/lang/Object; (104 bytes) @ 0x00007fc5f144520c [0x00007fc5f1444080+0x118c]
J 8120 C2 java.lang.reflect.Method.invoke(Ljava/lang/Object;[Ljava/lang/Object;)Ljava/lang/Object; (62 bytes) @ 0x00007fc5f259e980 [0x00007fc5f259e900+0x80]
j  sun.rmi.server.UnicastServerRef.dispatch(Ljava/rmi/Remote;Ljava/rmi/server/RemoteCall;)V+231
j  sun.rmi.transport.Transport$1.run()Ljava/lang/Void;+23
j  sun.rmi.transport.Transport$1.run()Ljava/lang/Object;+1
v  ~StubRoutines::call_stub
V  [libjvm.so+0x697876]  JavaCalls::call_helper(JavaValue*, methodHandle*, JavaCallArguments*, Thread*)+0x1056
V  [libjvm.so+0x730e3c]  JVM_DoPrivileged+0x27c
J 381  java.security.AccessController.doPrivileged(Ljava/security/PrivilegedExceptionAction;Ljava/security/AccessControlContext;)Ljava/lang/Object; (0 bytes) @ 0x00007fc5f11d7e55 [0x00007fc5f11d7d80+0xd5]
j  sun.rmi.transport.Transport.serviceCall(Ljava/rmi/server/RemoteCall;)Z+157
j  sun.rmi.transport.tcp.TCPTransport.handleMessages(Lsun/rmi/transport/Connection;Z)V+185
j  sun.rmi.transport.tcp.TCPTransport$ConnectionHandler.run0()V+724
j  sun.rmi.transport.tcp.TCPTransport$ConnectionHandler.lambda$run$0()Ljava/lang/Void;+1
j  sun.rmi.transport.tcp.TCPTransport$ConnectionHandler$$Lambda$6.run()Ljava/lang/Object;+4
v  ~StubRoutines::call_stub
V  [libjvm.so+0x697876]  JavaCalls::call_helper(JavaValue*, methodHandle*, JavaCallArguments*, Thread*)+0x1056
V  [libjvm.so+0x730e3c]  JVM_DoPrivileged+0x27c
j  java.security.AccessController.doPrivileged(Ljava/security/PrivilegedAction;Ljava/security/AccessControlContext;)Ljava/lang/Object;+0
j  sun.rmi.transport.tcp.TCPTransport$ConnectionHandler.run()V+58
j  java.util.concurrent.ThreadPoolExecutor.runWorker(Ljava/util/concurrent/ThreadPoolExecutor$Worker;)V+95
j  java.util.concurrent.ThreadPoolExecutor$Worker.run()V+5
j  java.lang.Thread.run()V+11
v  ~StubRoutines::call_stub
V  [libjvm.so+0x697876]  JavaCalls::call_helper(JavaValue*, methodHandle*, JavaCallArguments*, Thread*)+0x1056
V  [libjvm.so+0x697d81]  JavaCalls::call_virtual(JavaValue*, KlassHandle, Symbol*, Symbol*, JavaCallArguments*, Thread*)+0x321
V  [libjvm.so+0x698227]  JavaCalls::call_virtual(JavaValue*, Handle, KlassHandle, Symbol*, Symbol*, Thread*)+0x47
V  [libjvm.so+0x71765e]  thread_entry(JavaThread*, Thread*)+0x7e
V  [libjvm.so+0xa81473]  JavaThread::thread_main_inner()+0x103
V  [libjvm.so+0xa815bc]  JavaThread::run()+0x11c
V  [libjvm.so+0x930248]  java_start(Thread*)+0x108
C  [libpthread.so.0+0x7594]  start_thread+0xe4

Java frames: (J=compiled Java code, j=interpreted, Vv=VM code)
j  org.jetbrains.kotlin.android.synthetic.AndroidComponentRegistrar$Companion.registerViewExtensions(Lorg/jetbrains/kotlin/config/CompilerConfiguration;ZLorg/jetbrains/kotlin/com/intellij/mock/MockProject;)V+318
j  org.jetbrains.kotlin.android.synthetic.AndroidComponentRegistrar.registerProjectComponents(Lorg/jetbrains/kotlin/com/intellij/mock/MockProject;Lorg/jetbrains/kotlin/config/CompilerConfiguration;)V+112
j  org.jetbrains.kotlin.cli.jvm.compiler.KotlinCoreEnvironment.<init>(Lorg/jetbrains/kotlin/com/intellij/openapi/Disposable;Lorg/jetbrains/kotlin/com/intellij/core/JavaCoreApplicationEnvironment;Lorg/jetbrains/kotlin/config/CompilerConfiguration;Lorg/jetbrains/kotlin/cli/jvm/compiler/EnvironmentConfigFiles;)V+348
j  org.jetbrains.kotlin.cli.jvm.compiler.KotlinCoreEnvironment.<init>(Lorg/jetbrains/kotlin/com/intellij/openapi/Disposable;Lorg/jetbrains/kotlin/com/intellij/core/JavaCoreApplicationEnvironment;Lorg/jetbrains/kotlin/config/CompilerConfiguration;Lorg/jetbrains/kotlin/cli/jvm/compiler/EnvironmentConfigFiles;Lkotlin/jvm/internal/DefaultConstructorMarker;)V+6
j  org.jetbrains.kotlin.cli.jvm.compiler.KotlinCoreEnvironment$Companion.createForProduction(Lorg/jetbrains/kotlin/com/intellij/openapi/Disposable;Lorg/jetbrains/kotlin/config/CompilerConfiguration;Lorg/jetbrains/kotlin/cli/jvm/compiler/EnvironmentConfigFiles;)Lorg/jetbrains/kotlin/cli/jvm/compiler/KotlinCoreEnvironment;+69
j  org.jetbrains.kotlin.cli.jvm.K2JVMCompiler.createCoreEnvironment(Lorg/jetbrains/kotlin/com/intellij/openapi/Disposable;Lorg/jetbrains/kotlin/config/CompilerConfiguration;Lorg/jetbrains/kotlin/cli/common/messages/MessageCollector;)Lorg/jetbrains/kotlin/cli/jvm/compiler/KotlinCoreEnvironment;+19
j  org.jetbrains.kotlin.cli.jvm.K2JVMCompiler.doExecute(Lorg/jetbrains/kotlin/cli/common/arguments/K2JVMCompilerArguments;Lorg/jetbrains/kotlin/config/CompilerConfiguration;Lorg/jetbrains/kotlin/com/intellij/openapi/Disposable;Lorg/jetbrains/kotlin/utils/KotlinPaths;)Lorg/jetbrains/kotlin/cli/common/ExitCode;+675
j  org.jetbrains.kotlin.cli.jvm.K2JVMCompiler.doExecute(Lorg/jetbrains/kotlin/cli/common/arguments/CommonCompilerArguments;Lorg/jetbrains/kotlin/config/CompilerConfiguration;Lorg/jetbrains/kotlin/com/intellij/openapi/Disposable;Lorg/jetbrains/kotlin/utils/KotlinPaths;)Lorg/jetbrains/kotlin/cli/common/ExitCode;+9
j  org.jetbrains.kotlin.cli.common.CLICompiler.execImpl(Lorg/jetbrains/kotlin/cli/common/messages/MessageCollector;Lorg/jetbrains/kotlin/config/Services;Lorg/jetbrains/kotlin/cli/common/arguments/CommonCompilerArguments;)Lorg/jetbrains/kotlin/cli/common/ExitCode;+144
j  org.jetbrains.kotlin.cli.common.CLICompiler.execImpl(Lorg/jetbrains/kotlin/cli/common/messages/MessageCollector;Lorg/jetbrains/kotlin/config/Services;Lorg/jetbrains/kotlin/cli/common/arguments/CommonToolArguments;)Lorg/jetbrains/kotlin/cli/common/ExitCode;+7
j  org.jetbrains.kotlin.cli.common.CLITool.exec(Lorg/jetbrains/kotlin/cli/common/messages/MessageCollector;Lorg/jetbrains/kotlin/config/Services;Lorg/jetbrains/kotlin/cli/common/arguments/CommonToolArguments;)Lorg/jetbrains/kotlin/cli/common/ExitCode;+77
j  org.jetbrains.kotlin.incremental.IncrementalJvmCompilerRunner.runCompiler(Ljava/util/Set;Lorg/jetbrains/kotlin/cli/common/arguments/K2JVMCompilerArguments;Lorg/jetbrains/kotlin/incremental/IncrementalJvmCachesManager;Lorg/jetbrains/kotlin/config/Services;Lorg/jetbrains/kotlin/cli/common/messages/MessageCollector;)Lorg/jetbrains/kotlin/cli/common/ExitCode;+362
j  org.jetbrains.kotlin.incremental.IncrementalJvmCompilerRunner.runCompiler(Ljava/util/Set;Lorg/jetbrains/kotlin/cli/common/arguments/CommonCompilerArguments;Lorg/jetbrains/kotlin/incremental/IncrementalCachesManager;Lorg/jetbrains/kotlin/config/Services;Lorg/jetbrains/kotlin/cli/common/messages/MessageCollector;)Lorg/jetbrains/kotlin/cli/common/ExitCode;+14
j  org.jetbrains.kotlin.incremental.IncrementalCompilerRunner.compileIncrementally(Lorg/jetbrains/kotlin/cli/common/arguments/CommonCompilerArguments;Lorg/jetbrains/kotlin/incremental/IncrementalCachesManager;Ljava/util/List;Lorg/jetbrains/kotlin/incremental/IncrementalCompilerRunner$CompilationMode;Lorg/jetbrains/kotlin/cli/common/messages/MessageCollector;)Lorg/jetbrains/kotlin/cli/common/ExitCode;+452
j  org.jetbrains.kotlin.incremental.IncrementalCompilerRunner.access$compileIncrementally(Lorg/jetbrains/kotlin/incremental/IncrementalCompilerRunner;Lorg/jetbrains/kotlin/cli/common/arguments/CommonCompilerArguments;Lorg/jetbrains/kotlin/incremental/IncrementalCachesManager;Ljava/util/List;Lorg/jetbrains/kotlin/incremental/IncrementalCompilerRunner$CompilationMode;Lorg/jetbrains/kotlin/cli/common/messages/MessageCollector;)Lorg/jetbrains/kotlin/cli/common/ExitCode;+8
j  org.jetbrains.kotlin.incremental.IncrementalCompilerRunner$compile$2.invoke(Lkotlin/jvm/functions/Function0;)Lorg/jetbrains/kotlin/cli/common/ExitCode;+349
j  org.jetbrains.kotlin.incremental.IncrementalCompilerRunner.compile(Ljava/util/List;Lorg/jetbrains/kotlin/cli/common/arguments/CommonCompilerArguments;Lorg/jetbrains/kotlin/cli/common/messages/MessageCollector;Lorg/jetbrains/kotlin/incremental/ChangedFiles;)Lorg/jetbrains/kotlin/cli/common/ExitCode;+196
j  org.jetbrains.kotlin.daemon.CompileServiceImpl.execIncrementalCompiler(Lorg/jetbrains/kotlin/cli/common/arguments/K2JVMCompilerArguments;Lorg/jetbrains/kotlin/daemon/common/IncrementalCompilationOptions;Lorg/jetbrains/kotlin/daemon/common/IncrementalCompilerServicesFacade;Lorg/jetbrains/kotlin/daemon/common/CompilationResults;Lorg/jetbrains/kotlin/cli/common/messages/MessageCollector;Lorg/jetbrains/kotlin/daemon/report/DaemonMessageReporter;)Lorg/jetbrains/kotlin/cli/common/ExitCode;+1214
j  org.jetbrains.kotlin.daemon.CompileServiceImpl.access$execIncrementalCompiler(Lorg/jetbrains/kotlin/daemon/CompileServiceImpl;Lorg/jetbrains/kotlin/cli/common/arguments/K2JVMCompilerArguments;Lorg/jetbrains/kotlin/daemon/common/IncrementalCompilationOptions;Lorg/jetbrains/kotlin/daemon/common/IncrementalCompilerServicesFacade;Lorg/jetbrains/kotlin/daemon/common/CompilationResults;Lorg/jetbrains/kotlin/cli/common/messages/MessageCollector;Lorg/jetbrains/kotlin/daemon/report/DaemonMessageReporter;)Lorg/jetbrains/kotlin/cli/common/ExitCode;+10
j  org.jetbrains.kotlin.daemon.CompileServiceImpl$compile$$inlined$ifAlive$lambda$2.invoke(Lorg/jetbrains/kotlin/daemon/EventManager;Lorg/jetbrains/kotlin/daemon/common/Profiler;)Lorg/jetbrains/kotlin/cli/common/ExitCode;+50
j  org.jetbrains.kotlin.daemon.CompileServiceImpl$compile$$inlined$ifAlive$lambda$2.invoke(Ljava/lang/Object;Ljava/lang/Object;)Ljava/lang/Object;+9
j  org.jetbrains.kotlin.daemon.CompileServiceImpl$doCompile$$inlined$ifAlive$lambda$2.invoke()I+12
j  org.jetbrains.kotlin.daemon.CompileServiceImpl$doCompile$$inlined$ifAlive$lambda$2.invoke()Ljava/lang/Object;+1
j  org.jetbrains.kotlin.daemon.common.DummyProfiler.withMeasure(Ljava/lang/Object;Lkotlin/jvm/functions/Function0;)Ljava/lang/Object;+7
j  org.jetbrains.kotlin.daemon.CompileServiceImpl.checkedCompile(Lorg/jetbrains/kotlin/daemon/report/DaemonMessageReporter;Lorg/jetbrains/kotlin/daemon/common/Profiler;Lkotlin/jvm/functions/Function0;)Ljava/lang/Object;+41
j  org.jetbrains.kotlin.daemon.CompileServiceImpl.doCompile(ILorg/jetbrains/kotlin/daemon/report/DaemonMessageReporter;Lorg/jetbrains/kotlin/daemon/common/RemoteOperationsTracer;Lkotlin/jvm/functions/Function2;)Lorg/jetbrains/kotlin/daemon/common/CompileService$CallResult;+300
j  org.jetbrains.kotlin.daemon.CompileServiceImpl.compile(I[Ljava/lang/String;Lorg/jetbrains/kotlin/daemon/common/CompilationOptions;Lorg/jetbrains/kotlin/daemon/common/CompilerServicesFacadeBase;Lorg/jetbrains/kotlin/daemon/common/CompilationResults;)Lorg/jetbrains/kotlin/daemon/common/CompileService$CallResult;+735
v  ~StubRoutines::call_stub
J 1796  sun.reflect.NativeMethodAccessorImpl.invoke0(Ljava/lang/reflect/Method;Ljava/lang/Object;[Ljava/lang/Object;)Ljava/lang/Object; (0 bytes) @ 0x00007fc5f15755f7 [0x00007fc5f1575580+0x77]
J 1330 C1 sun.reflect.NativeMethodAccessorImpl.invoke(Ljava/lang/Object;[Ljava/lang/Object;)Ljava/lang/Object; (104 bytes) @ 0x00007fc5f144520c [0x00007fc5f1444080+0x118c]
J 8120 C2 java.lang.reflect.Method.invoke(Ljava/lang/Object;[Ljava/lang/Object;)Ljava/lang/Object; (62 bytes) @ 0x00007fc5f259e980 [0x00007fc5f259e900+0x80]
j  sun.rmi.server.UnicastServerRef.dispatch(Ljava/rmi/Remote;Ljava/rmi/server/RemoteCall;)V+231
j  sun.rmi.transport.Transport$1.run()Ljava/lang/Void;+23
j  sun.rmi.transport.Transport$1.run()Ljava/lang/Object;+1
v  ~StubRoutines::call_stub
J 381  java.security.AccessController.doPrivileged(Ljava/security/PrivilegedExceptionAction;Ljava/security/AccessControlContext;)Ljava/lang/Object; (0 bytes) @ 0x00007fc5f11d7de3 [0x00007fc5f11d7d80+0x63]
j  sun.rmi.transport.Transport.serviceCall(Ljava/rmi/server/RemoteCall;)Z+157
j  sun.rmi.transport.tcp.TCPTransport.handleMessages(Lsun/rmi/transport/Connection;Z)V+185
j  sun.rmi.transport.tcp.TCPTransport$ConnectionHandler.run0()V+724
j  sun.rmi.transport.tcp.TCPTransport$ConnectionHandler.lambda$run$0()Ljava/lang/Void;+1
j  sun.rmi.transport.tcp.TCPTransport$ConnectionHandler$$Lambda$6.run()Ljava/lang/Object;+4
v  ~StubRoutines::call_stub
j  java.security.AccessController.doPrivileged(Ljava/security/PrivilegedAction;Ljava/security/AccessControlContext;)Ljava/lang/Object;+0
j  sun.rmi.transport.tcp.TCPTransport$ConnectionHandler.run()V+58
j  java.util.concurrent.ThreadPoolExecutor.runWorker(Ljava/util/concurrent/ThreadPoolExecutor$Worker;)V+95
j  java.util.concurrent.ThreadPoolExecutor$Worker.run()V+5
j  java.lang.Thread.run()V+11
v  ~StubRoutines::call_stub

---------------  P R O C E S S  ---------------

Java Threads: ( => current thread )
  0x00007fc5742c3000 JavaThread "RMI RenewClean-[127.0.0.1:34831,org.jetbrains.kotlin.daemon.common.LoopbackNetworkInterface$ClientLoopbackSocketFactory@6a773ed4]" daemon [_thread_blocked, id=7584, stack(0x00007fc5e2bfc000,0x00007fc5e2cfd000)]
=>0x00007fc59c004800 JavaThread "RMI TCP Connection(9)-127.0.0.1" daemon [_thread_in_vm, id=7583, stack(0x00007fc5e07da000,0x00007fc5e08db000)]
  0x00007fc59c006800 JavaThread "RMI TCP Connection(8)-127.0.0.1" daemon [_thread_in_native, id=7581, stack(0x00007fc5e3cff000,0x00007fc5e3e00000)]
  0x00007fc574001800 JavaThread "RMI RenewClean-[127.0.0.1:34831,org.jetbrains.kotlin.daemon.common.LoopbackNetworkInterface$ClientLoopbackSocketFactory@53f06de3]" daemon [_thread_blocked, id=6976, stack(0x00007fc5e003f000,0x00007fc5e0140000)]
  0x00007fc580011000 JavaThread "RMI Scheduler(0)" daemon [_thread_blocked, id=6956, stack(0x00007fc5e3afd000,0x00007fc5e3bfe000)]
  0x00007fc60000b800 JavaThread "DestroyJavaVM" [_thread_blocked, id=6932, stack(0x00007fc608d55000,0x00007fc608e55000)]
  0x00007fc600337000 JavaThread "GC Daemon" daemon [_thread_blocked, id=6950, stack(0x00007fc5e80e9000,0x00007fc5e81ea000)]
  0x00007fc600330000 JavaThread "RMI Reaper" [_thread_blocked, id=6949, stack(0x00007fc5e81ea000,0x00007fc5e82eb000)]
  0x00007fc6002c9000 JavaThread "Timer-0" daemon [_thread_blocked, id=6947, stack(0x00007fc5e83ec000,0x00007fc5e84ed000)]
  0x00007fc6002c5000 JavaThread "RMI TCP Accept-17117" daemon [_thread_in_native, id=6946, stack(0x00007fc5e84ed000,0x00007fc5e85ee000)]
  0x00007fc6000cc800 JavaThread "Service Thread" daemon [_thread_blocked, id=6944, stack(0x00007fc5e8eff000,0x00007fc5e9000000)]
  0x00007fc6000bf000 JavaThread "C1 CompilerThread2" daemon [_thread_blocked, id=6943, stack(0x00007fc5f00f2000,0x00007fc5f01f2000)]
  0x00007fc6000bd800 JavaThread "C2 CompilerThread1" daemon [_thread_blocked, id=6942, stack(0x00007fc5f01f3000,0x00007fc5f02f3000)]
  0x00007fc6000ba800 JavaThread "C2 CompilerThread0" daemon [_thread_blocked, id=6941, stack(0x00007fc5f02f4000,0x00007fc5f03f4000)]
  0x00007fc6000b9000 JavaThread "Signal Dispatcher" daemon [_thread_blocked, id=6940, stack(0x00007fc5f03f4000,0x00007fc5f04f5000)]
  0x00007fc600086000 JavaThread "Finalizer" daemon [_thread_blocked, id=6939, stack(0x00007fc5f04f5000,0x00007fc5f05f6000)]
  0x00007fc600081800 JavaThread "Reference Handler" daemon [_thread_blocked, id=6938, stack(0x00007fc5f05f6000,0x00007fc5f06f7000)]

Other Threads:
  0x00007fc60007a000 VMThread [stack: 0x00007fc5f06f8000,0x00007fc5f07f8000] [id=6937]
  0x00007fc6000d1000 WatcherThread [stack: 0x00007fc5e8dff000,0x00007fc5e8eff000] [id=6945]

VM state:not at safepoint (normal execution)

VM Mutex/Monitor currently owned by a thread: None

Heap:
 PSYoungGen      total 325632K, used 152568K [0x00000000e0000000, 0x00000000fa380000, 0x0000000100000000)
  eden space 299520K, 44% used [0x00000000e0000000,0x00000000e827ffd0,0x00000000f2480000)
  from space 26112K, 72% used [0x00000000f8a00000,0x00000000f9c7e308,0x00000000fa380000)
  to   space 65024K, 0% used [0x00000000f2480000,0x00000000f2480000,0x00000000f6400000)
 ParOldGen       total 133632K, used 68956K [0x00000000a0000000, 0x00000000a8280000, 0x00000000e0000000)
  object space 133632K, 51% used [0x00000000a0000000,0x00000000a4357340,0x00000000a8280000)
 Metaspace       used 87586K, capacity 90370K, committed 90648K, reserved 1128448K
  class space    used 10853K, capacity 11470K, committed 11560K, reserved 1048576K

Card table byte_map: [0x00007fc605b91000,0x00007fc605e92000] byte_map_base: 0x00007fc605691000

Marking Bits: (ParMarkBitMap*) 0x00007fc608233de0
 Begin Bits: [0x00007fc5e9000000, 0x00007fc5ea800000)
 End Bits:   [0x00007fc5ea800000, 0x00007fc5ec000000)

Polling page: 0x00007fc608e7e000

CodeCache: size=245760Kb used=56332Kb max_used=56361Kb free=189427Kb
 bounds [0x00007fc5f1000000, 0x00007fc5f47a0000, 0x00007fc600000000]
 total_blobs=16821 nmethods=16230 adapters=502
 compilation: enabled

Compilation events (10 events):
Event: 403.821 Thread 0x00007fc6000ba800 nmethod 20018 0x00007fc5f2380fd0 code [0x00007fc5f2381120, 0x00007fc5f23812b8]
Event: 403.821 Thread 0x00007fc6000bf000 nmethod 20024 0x00007fc5f2ea9c90 code [0x00007fc5f2ea9e00, 0x00007fc5f2ea9fb0]
Event: 403.821 Thread 0x00007fc6000bf000 20025       3       org.jetbrains.kotlin.com.intellij.util.containers.RefHashMap$HardKey::clear (6 bytes)
Event: 403.821 Thread 0x00007fc6000bf000 nmethod 20025 0x00007fc5f2ea9950 code [0x00007fc5f2ea9aa0, 0x00007fc5f2ea9c10]
Event: 403.821 Thread 0x00007fc6000bf000 20021       1       org.jetbrains.kotlin.com.intellij.openapi.util.objectTree.ObjectNode::getParent (5 bytes)
Event: 403.821 Thread 0x00007fc6000bf000 nmethod 20021 0x00007fc5f2ea9690 code [0x00007fc5f2ea97e0, 0x00007fc5f2ea98f0]
Event: 403.824 Thread 0x00007fc6000bd800 20026  s    4       java.util.Hashtable::get (69 bytes)
Event: 403.824 Thread 0x00007fc6000bf000 20027       3       com.sun.org.apache.xerces.internal.utils.XMLSecurityManager$Limit::values (10 bytes)
Event: 403.824 Thread 0x00007fc6000bf000 nmethod 20027 0x00007fc5f2ea9190 code [0x00007fc5f2ea9300, 0x00007fc5f2ea95e8]
Event: 403.830 Thread 0x00007fc6000bd800 nmethod 20026 0x00007fc5f35e80d0 code [0x00007fc5f35e8240, 0x00007fc5f35e89b8]

GC Heap History (10 events):
Event: 37.283 GC heap before
{Heap before GC invocations=19 (full 4):
 PSYoungGen      total 226304K, used 226297K [0x00000000e0000000, 0x00000000f1f80000, 0x0000000100000000)
  eden space 193024K, 100% used [0x00000000e0000000,0x00000000ebc80000,0x00000000ebc80000)
  from space 33280K, 99% used [0x00000000ee900000,0x00000000f097e5e8,0x00000000f0980000)
  to   space 45568K, 0% used [0x00000000ebc80000,0x00000000ebc80000,0x00000000ee900000)
 ParOldGen       total 142336K, used 85621K [0x00000000a0000000, 0x00000000a8b00000, 0x00000000e0000000)
  object space 142336K, 60% used [0x00000000a0000000,0x00000000a539d588,0x00000000a8b00000)
 Metaspace       used 77282K, capacity 79676K, committed 79768K, reserved 1118208K
  class space    used 9832K, capacity 10373K, committed 10408K, reserved 1048576K
Event: 37.346 GC heap after
Heap after GC invocations=19 (full 4):
 PSYoungGen      total 238592K, used 25153K [0x00000000e0000000, 0x00000000f5680000, 0x0000000100000000)
  eden space 193024K, 0% used [0x00000000e0000000,0x00000000e0000000,0x00000000ebc80000)
  from space 45568K, 55% used [0x00000000ebc80000,0x00000000ed510600,0x00000000ee900000)
  to   space 45056K, 0% used [0x00000000f2a80000,0x00000000f2a80000,0x00000000f5680000)
 ParOldGen       total 142336K, used 112530K [0x00000000a0000000, 0x00000000a8b00000, 0x00000000e0000000)
  object space 142336K, 79% used [0x00000000a0000000,0x00000000a6de4af8,0x00000000a8b00000)
 Metaspace       used 77282K, capacity 79676K, committed 79768K, reserved 1118208K
  class space    used 9832K, capacity 10373K, committed 10408K, reserved 1048576K
}
Event: 38.579 GC heap before
{Heap before GC invocations=20 (full 4):
 PSYoungGen      total 238592K, used 218177K [0x00000000e0000000, 0x00000000f5680000, 0x0000000100000000)
  eden space 193024K, 100% used [0x00000000e0000000,0x00000000ebc80000,0x00000000ebc80000)
  from space 45568K, 55% used [0x00000000ebc80000,0x00000000ed510600,0x00000000ee900000)
  to   space 45056K, 0% used [0x00000000f2a80000,0x00000000f2a80000,0x00000000f5680000)
 ParOldGen       total 142336K, used 112530K [0x00000000a0000000, 0x00000000a8b00000, 0x00000000e0000000)
  object space 142336K, 79% used [0x00000000a0000000,0x00000000a6de4af8,0x00000000a8b00000)
 Metaspace       used 77757K, capacity 80186K, committed 80408K, reserved 1120256K
  class space    used 9870K, capacity 10414K, committed 10536K, reserved 1048576K
Event: 38.683 GC heap after
Heap after GC invocations=20 (full 4):
 PSYoungGen      total 287744K, used 45032K [0x00000000e0000000, 0x00000000f8200000, 0x0000000100000000)
  eden space 242688K, 0% used [0x00000000e0000000,0x00000000e0000000,0x00000000eed00000)
  from space 45056K, 99% used [0x00000000f2a80000,0x00000000f567a3a8,0x00000000f5680000)
  to   space 62976K, 0% used [0x00000000eed00000,0x00000000eed00000,0x00000000f2a80000)
 ParOldGen       total 142336K, used 141218K [0x00000000a0000000, 0x00000000a8b00000, 0x00000000e0000000)
  object space 142336K, 99% used [0x00000000a0000000,0x00000000a89e8b48,0x00000000a8b00000)
 Metaspace       used 77757K, capacity 80186K, committed 80408K, reserved 1120256K
  class space    used 9870K, capacity 10414K, committed 10536K, reserved 1048576K
}
Event: 38.683 GC heap before
{Heap before GC invocations=21 (full 5):
 PSYoungGen      total 287744K, used 45032K [0x00000000e0000000, 0x00000000f8200000, 0x0000000100000000)
  eden space 242688K, 0% used [0x00000000e0000000,0x00000000e0000000,0x00000000eed00000)
  from space 45056K, 99% used [0x00000000f2a80000,0x00000000f567a3a8,0x00000000f5680000)
  to   space 62976K, 0% used [0x00000000eed00000,0x00000000eed00000,0x00000000f2a80000)
 ParOldGen       total 142336K, used 141218K [0x00000000a0000000, 0x00000000a8b00000, 0x00000000e0000000)
  object space 142336K, 99% used [0x00000000a0000000,0x00000000a89e8b48,0x00000000a8b00000)
 Metaspace       used 77757K, capacity 80186K, committed 80408K, reserved 1120256K
  class space    used 9870K, capacity 10414K, committed 10536K, reserved 1048576K
Event: 38.837 GC heap after
Heap after GC invocations=21 (full 5):
 PSYoungGen      total 287744K, used 0K [0x00000000e0000000, 0x00000000f8200000, 0x0000000100000000)
  eden space 242688K, 0% used [0x00000000e0000000,0x00000000e0000000,0x00000000eed00000)
  from space 45056K, 0% used [0x00000000f2a80000,0x00000000f2a80000,0x00000000f5680000)
  to   space 62976K, 0% used [0x00000000eed00000,0x00000000eed00000,0x00000000f2a80000)
 ParOldGen       total 133632K, used 29551K [0x00000000a0000000, 0x00000000a8280000, 0x00000000e0000000)
  object space 133632K, 22% used [0x00000000a0000000,0x00000000a1cdbe10,0x00000000a8280000)
 Metaspace       used 77757K, capacity 80186K, committed 80408K, reserved 1120256K
  class space    used 9870K, capacity 10414K, committed 10536K, reserved 1048576K
}
Event: 45.395 GC heap before
{Heap before GC invocations=22 (full 5):
 PSYoungGen      total 287744K, used 242688K [0x00000000e0000000, 0x00000000f8200000, 0x0000000100000000)
  eden space 242688K, 100% used [0x00000000e0000000,0x00000000eed00000,0x00000000eed00000)
  from space 45056K, 0% used [0x00000000f2a80000,0x00000000f2a80000,0x00000000f5680000)
  to   space 62976K, 0% used [0x00000000eed00000,0x00000000eed00000,0x00000000f2a80000)
 ParOldGen       total 133632K, used 29551K [0x00000000a0000000, 0x00000000a8280000, 0x00000000e0000000)
  object space 133632K, 22% used [0x00000000a0000000,0x00000000a1cdbe10,0x00000000a8280000)
 Metaspace       used 81115K, capacity 83604K, committed 83864K, reserved 1122304K
  class space    used 10324K, capacity 10867K, committed 10920K, reserved 1048576K
Event: 45.470 GC heap after
Heap after GC invocations=22 (full 5):
 PSYoungGen      total 305664K, used 47579K [0x00000000e0000000, 0x00000000fcc00000, 0x0000000100000000)
  eden space 242688K, 0% used [0x00000000e0000000,0x00000000e0000000,0x00000000eed00000)
  from space 62976K, 75% used [0x00000000eed00000,0x00000000f1b76c18,0x00000000f2a80000)
  to   space 67584K, 0% used [0x00000000f8a00000,0x00000000f8a00000,0x00000000fcc00000)
 ParOldGen       total 133632K, used 29559K [0x00000000a0000000, 0x00000000a8280000, 0x00000000e0000000)
  object space 133632K, 22% used [0x00000000a0000000,0x00000000a1cdde10,0x00000000a8280000)
 Metaspace       used 81115K, capacity 83604K, committed 83864K, reserved 1122304K
  class space    used 10324K, capacity 10867K, committed 10920K, reserved 1048576K
}
Event: 63.560 GC heap before
{Heap before GC invocations=23 (full 5):
 PSYoungGen      total 305664K, used 290267K [0x00000000e0000000, 0x00000000fcc00000, 0x0000000100000000)
  eden space 242688K, 100% used [0x00000000e0000000,0x00000000eed00000,0x00000000eed00000)
  from space 62976K, 75% used [0x00000000eed00000,0x00000000f1b76c18,0x00000000f2a80000)
  to   space 67584K, 0% used [0x00000000f8a00000,0x00000000f8a00000,0x00000000fcc00000)
 ParOldGen       total 133632K, used 29559K [0x00000000a0000000, 0x00000000a8280000, 0x00000000e0000000)
  object space 133632K, 22% used [0x00000000a0000000,0x00000000a1cdde10,0x00000000a8280000)
 Metaspace       used 86743K, capacity 89456K, committed 89752K, reserved 1128448K
  class space    used 10797K, capacity 11363K, committed 11432K, reserved 1048576K
Event: 63.649 GC heap after
Heap after GC invocations=23 (full 5):
 PSYoungGen      total 325632K, used 18936K [0x00000000e0000000, 0x00000000fa380000, 0x0000000100000000)
  eden space 299520K, 0% used [0x00000000e0000000,0x00000000e0000000,0x00000000f2480000)
  from space 26112K, 72% used [0x00000000f8a00000,0x00000000f9c7e308,0x00000000fa380000)
  to   space 65024K, 0% used [0x00000000f2480000,0x00000000f2480000,0x00000000f6400000)
 ParOldGen       total 133632K, used 68956K [0x00000000a0000000, 0x00000000a8280000, 0x00000000e0000000)
  object space 133632K, 51% used [0x00000000a0000000,0x00000000a4357340,0x00000000a8280000)
 Metaspace       used 86743K, capacity 89456K, committed 89752K, reserved 1128448K
  class space    used 10797K, capacity 11363K, committed 11432K, reserved 1048576K
}

Deoptimization events (10 events):
Event: 64.408 Thread 0x00007fc59c006800 Uncommon trap: reason=bimorphic action=maybe_recompile pc=0x00007fc5f4669c70 method=org.jetbrains.kotlin.codegen.optimization.common.OptimizationBasicInterpreter.merge(Lorg/jetbrains/org/objectweb/asm/tree/analysis/BasicValue;Lorg/jetbrains/org/objectweb/
Event: 64.408 Thread 0x00007fc59c006800 Uncommon trap: reason=bimorphic action=maybe_recompile pc=0x00007fc5f4669c70 method=org.jetbrains.kotlin.codegen.optimization.common.OptimizationBasicInterpreter.merge(Lorg/jetbrains/org/objectweb/asm/tree/analysis/BasicValue;Lorg/jetbrains/org/objectweb/
Event: 64.792 Thread 0x00007fc59c006800 Uncommon trap: reason=bimorphic action=maybe_recompile pc=0x00007fc5f3d3d64c method=kotlin.collections.CollectionsKt___CollectionsKt.toSet(Ljava/lang/Iterable;)Ljava/util/Set; @ 62
Event: 64.793 Thread 0x00007fc59c006800 Uncommon trap: reason=bimorphic action=maybe_recompile pc=0x00007fc5f3d3d64c method=kotlin.collections.CollectionsKt___CollectionsKt.toSet(Ljava/lang/Iterable;)Ljava/util/Set; @ 62
Event: 65.143 Thread 0x00007fc59c006800 Uncommon trap: reason=bimorphic action=maybe_recompile pc=0x00007fc5f17397b8 method=org.jetbrains.kotlin.protobuf.CodedOutputStream.refreshBuffer()V @ 28
Event: 65.147 Thread 0x00007fc59c006800 Uncommon trap: reason=unstable_if action=reinterpret pc=0x00007fc5f3df94cc method=gnu.trove.THashMap.rehash(I)V @ 61
Event: 65.147 Thread 0x00007fc59c006800 Uncommon trap: reason=null_check action=make_not_entrant pc=0x00007fc5f380e984 method=java.util.AbstractCollection.toArray([Ljava/lang/Object;)[Ljava/lang/Object; @ 119
Event: 65.449 Thread 0x00007fc59c006800 Uncommon trap: reason=unstable_if action=reinterpret pc=0x00007fc5f253ce9c method=java.lang.StringCoding.safeTrim([CILjava/nio/charset/Charset;Z)[C @ 3
Event: 403.664 Thread 0x00007fc59c004800 Uncommon trap: reason=speculate_class_check action=maybe_recompile pc=0x00007fc5f2ea3314 method=java.util.ArrayList.<init>(Ljava/util/Collection;)V @ 36
Event: 403.819 Thread 0x00007fc59c004800 Uncommon trap: reason=bimorphic action=maybe_recompile pc=0x00007fc5f40e3858 method=org.jetbrains.kotlin.com.intellij.openapi.util.NotNullLazyKey.getValue(Lorg/jetbrains/kotlin/com/intellij/openapi/util/UserDataHolder;)Ljava/lang/Object; @ 32

Classes redefined (0 events):
No events

Internal exceptions (10 events):
Event: 65.438 Thread 0x00007fc59c006800 Exception <a 'sun/nio/fs/UnixException'> (0x00000000e6db1e80) thrown at [/HUDSON/workspace/8-2-build-linux-amd64/jdk8u172/10810/hotspot/src/share/vm/prims/jni.cpp, line 709]
Event: 65.439 Thread 0x00007fc59c006800 Exception <a 'sun/nio/fs/UnixException'> (0x00000000e6db6b88) thrown at [/HUDSON/workspace/8-2-build-linux-amd64/jdk8u172/10810/hotspot/src/share/vm/prims/jni.cpp, line 709]
Event: 65.439 Thread 0x00007fc59c006800 Exception <a 'java/io/FileNotFoundException'> (0x00000000e6db8558) thrown at [/HUDSON/workspace/8-2-build-linux-amd64/jdk8u172/10810/hotspot/src/share/vm/prims/jni.cpp, line 709]
Event: 65.439 Thread 0x00007fc59c006800 Exception <a 'java/io/FileNotFoundException'> (0x00000000e6db9d30) thrown at [/HUDSON/workspace/8-2-build-linux-amd64/jdk8u172/10810/hotspot/src/share/vm/prims/jni.cpp, line 709]
Event: 65.444 Thread 0x00007fc59c006800 Exception <a 'java/io/FileNotFoundException'> (0x00000000e6ee2c10) thrown at [/HUDSON/workspace/8-2-build-linux-amd64/jdk8u172/10810/hotspot/src/share/vm/prims/jni.cpp, line 709]
Event: 65.445 Thread 0x00007fc59c006800 Exception <a 'sun/nio/fs/UnixException'> (0x00000000e6ee4310) thrown at [/HUDSON/workspace/8-2-build-linux-amd64/jdk8u172/10810/hotspot/src/share/vm/prims/jni.cpp, line 709]
Event: 65.445 Thread 0x00007fc59c006800 Exception <a 'sun/nio/fs/UnixException'> (0x00000000e6ee9110) thrown at [/HUDSON/workspace/8-2-build-linux-amd64/jdk8u172/10810/hotspot/src/share/vm/prims/jni.cpp, line 709]
Event: 65.445 Thread 0x00007fc59c006800 Exception <a 'java/io/FileNotFoundException'> (0x00000000e6eeab48) thrown at [/HUDSON/workspace/8-2-build-linux-amd64/jdk8u172/10810/hotspot/src/share/vm/prims/jni.cpp, line 709]
Event: 65.445 Thread 0x00007fc59c006800 Exception <a 'java/io/FileNotFoundException'> (0x00000000e6eec3e0) thrown at [/HUDSON/workspace/8-2-build-linux-amd64/jdk8u172/10810/hotspot/src/share/vm/prims/jni.cpp, line 709]
Event: 403.671 Thread 0x00007fc5742c3000 Exception <a 'java/lang/InterruptedException'> (0x00000000e7f90b60) thrown at [/HUDSON/workspace/8-2-build-linux-amd64/jdk8u172/10810/hotspot/src/share/vm/runtime/objectMonitor.cpp, line 1684]

Events (10 events):
Event: 403.824 loading class org/jetbrains/kotlin/android/synthetic/codegen/AbstractAndroidExtensionsExpressionCodegenExtension
Event: 403.824 loading class org/jetbrains/kotlin/android/synthetic/codegen/AbstractAndroidExtensionsExpressionCodegenExtension done
Event: 403.826 loading class org/jetbrains/kotlin/android/synthetic/codegen/AbstractAndroidExtensionsExpressionCodegenExtension$Companion
Event: 403.826 loading class org/jetbrains/kotlin/android/synthetic/codegen/AbstractAndroidExtensionsExpressionCodegenExtension$Companion done
Event: 403.826 loading class org/jetbrains/kotlin/android/synthetic/AndroidExtensionPropertiesComponentContainerContributor
Event: 403.826 loading class org/jetbrains/kotlin/android/synthetic/AndroidExtensionPropertiesComponentContainerContributor done
Event: 403.827 loading class org/jetbrains/kotlin/android/synthetic/codegen/CliAndroidOnDestroyClassBuilderInterceptorExtension
Event: 403.827 loading class org/jetbrains/kotlin/android/synthetic/codegen/CliAndroidOnDestroyClassBuilderInterceptorExtension done
Event: 403.827 loading class org/jetbrains/kotlin/android/synthetic/codegen/AbstractAndroidOnDestroyClassBuilderInterceptorExtension
Event: 403.827 loading class org/jetbrains/kotlin/android/synthetic/codegen/AbstractAndroidOnDestroyClassBuilderInterceptorExtension done


Dynamic libraries:
00400000-00401000 r-xp 00000000 fd:00 1448090                            /usr/java/jdk1.8.0_172-amd64/jre/bin/java
00600000-00601000 rw-p 00000000 fd:00 1448090                            /usr/java/jdk1.8.0_172-amd64/jre/bin/java
017d6000-017f7000 rw-p 00000000 00:00 0                                  [heap]
a0000000-a8280000 rw-p 00000000 00:00 0 
a8280000-e0000000 ---p 00000000 00:00 0 
e0000000-fa380000 rw-p 00000000 00:00 0 
fa380000-100000000 ---p 00000000 00:00 0 
100000000-100b4a000 rw-p 00000000 00:00 0 
100b4a000-140000000 ---p 00000000 00:00 0 
7fc568000000-7fc568021000 rw-p 00000000 00:00 0 
7fc568021000-7fc56c000000 ---p 00000000 00:00 0 
7fc570000000-7fc570021000 rw-p 00000000 00:00 0 
7fc570021000-7fc574000000 ---p 00000000 00:00 0 
7fc574000000-7fc57470c000 rw-p 00000000 00:00 0 
7fc57470c000-7fc578000000 ---p 00000000 00:00 0 
7fc578000000-7fc578021000 rw-p 00000000 00:00 0 
7fc578021000-7fc57c000000 ---p 00000000 00:00 0 
7fc57c000000-7fc57c83a000 rw-p 00000000 00:00 0 
7fc57c83a000-7fc580000000 ---p 00000000 00:00 0 
7fc580000000-7fc580021000 rw-p 00000000 00:00 0 
7fc580021000-7fc584000000 ---p 00000000 00:00 0 
7fc584000000-7fc5857f3000 rw-p 00000000 00:00 0 
7fc5857f3000-7fc588000000 ---p 00000000 00:00 0 
7fc588000000-7fc588021000 rw-p 00000000 00:00 0 
7fc588021000-7fc58c000000 ---p 00000000 00:00 0 
7fc58c000000-7fc58c021000 rw-p 00000000 00:00 0 
7fc58c021000-7fc590000000 ---p 00000000 00:00 0 
7fc590000000-7fc590021000 rw-p 00000000 00:00 0 
7fc590021000-7fc594000000 ---p 00000000 00:00 0 
7fc594000000-7fc59402a000 rw-p 00000000 00:00 0 
7fc59402a000-7fc598000000 ---p 00000000 00:00 0 
7fc598000000-7fc598021000 rw-p 00000000 00:00 0 
7fc598021000-7fc59c000000 ---p 00000000 00:00 0 
7fc59c000000-7fc59c021000 rw-p 00000000 00:00 0 
7fc59c021000-7fc5a0000000 ---p 00000000 00:00 0 
7fc5a0000000-7fc5a1783000 rw-p 00000000 00:00 0 
7fc5a1783000-7fc5a4000000 ---p 00000000 00:00 0 
7fc5a4000000-7fc5a4021000 rw-p 00000000 00:00 0 
7fc5a4021000-7fc5a8000000 ---p 00000000 00:00 0 
7fc5a8000000-7fc5a9ca5000 rw-p 00000000 00:00 0 
7fc5a9ca5000-7fc5ac000000 ---p 00000000 00:00 0 
7fc5b0000000-7fc5b1d55000 rw-p 00000000 00:00 0 
7fc5b1d55000-7fc5b4000000 ---p 00000000 00:00 0 
7fc5b8000000-7fc5b8021000 rw-p 00000000 00:00 0 
7fc5b8021000-7fc5bc000000 ---p 00000000 00:00 0 
7fc5be90e000-7fc5bea4e000 rw-p 00000000 00:00 0 
7fc5bea4e000-7fc5beb0e000 ---p 00000000 00:00 0 
7fc5beb0e000-7fc5bed0e000 rw-p 00000000 00:00 0 
7fc5bed0e000-7fc5bef0e000 rw-p 00000000 00:00 0 
7fc5bef0e000-7fc5bf10e000 rw-p 00000000 00:00 0 
7fc5bf22f000-7fc5bf42f000 rw-p 00000000 00:00 0 
7fc5bf42f000-7fc5bf62f000 rw-p 00000000 00:00 0 
7fc5bf62f000-7fc5bf82f000 rw-p 00000000 00:00 0 
7fc5bf82f000-7fc5cc000000 r--p 00000000 fd:00 1179743                    /usr/lib/locale/locale-archive
7fc5cc000000-7fc5cc021000 rw-p 00000000 00:00 0 
7fc5cc021000-7fc5d0000000 ---p 00000000 00:00 0 
7fc5d0000000-7fc5d0021000 rw-p 00000000 00:00 0 
7fc5d0021000-7fc5d4000000 ---p 00000000 00:00 0 
7fc5d4000000-7fc5d4021000 rw-p 00000000 00:00 0 
7fc5d4021000-7fc5d8000000 ---p 00000000 00:00 0 
7fc5d8000000-7fc5d8082000 rw-p 00000000 00:00 0 
7fc5d8082000-7fc5dc000000 ---p 00000000 00:00 0 
7fc5dc000000-7fc5dc030000 rw-p 00000000 00:00 0 
7fc5dc030000-7fc5e0000000 ---p 00000000 00:00 0 
7fc5e003f000-7fc5e0042000 ---p 00000000 00:00 0 
7fc5e0042000-7fc5e0340000 rw-p 00000000 00:00 0 
7fc5e0340000-7fc5e0540000 rw-p 00000000 00:00 0 
7fc5e0540000-7fc5e0740000 rw-p 00000000 00:00 0 
7fc5e07da000-7fc5e07dd000 ---p 00000000 00:00 0 
7fc5e07dd000-7fc5e0adb000 rw-p 00000000 00:00 0 
7fc5e0adb000-7fc5e0ade000 ---p 00000000 00:00 0 
7fc5e0ade000-7fc5e0ddc000 rw-p 00000000 00:00 0 
7fc5e0ddc000-7fc5e0fdc000 rw-p 00000000 00:00 0 
7fc5e0fdc000-7fc5e11d8000 rw-p 00000000 00:00 0 
7fc5e11d8000-7fc5e11dc000 ---p 00000000 00:00 0 
7fc5e11dc000-7fc5e13dc000 rw-p 00000000 00:00 0 
7fc5e13dc000-7fc5e15dc000 rw-p 00000000 00:00 0 
7fc5e15dc000-7fc5e17dc000 rw-p 00000000 00:00 0 
7fc5e17dc000-7fc5e19dc000 rw-p 00000000 00:00 0 
7fc5e19dc000-7fc5e1bdc000 rw-p 00000000 00:00 0 
7fc5e1bdc000-7fc5e1ddc000 rw-p 00000000 00:00 0 
7fc5e1ddc000-7fc5e1fdc000 rw-p 00000000 00:00 0 
7fc5e1fdc000-7fc5e21dc000 rw-p 00000000 00:00 0 
7fc5e21dc000-7fc5e23dc000 rw-p 00000000 00:00 0 
7fc5e23dc000-7fc5e25dc000 rw-p 00000000 00:00 0 
7fc5e25dc000-7fc5e27dc000 rw-p 00000000 00:00 0 
7fc5e27dc000-7fc5e29dc000 rw-p 00000000 00:00 0 
7fc5e29dc000-7fc5e2bdc000 rw-p 00000000 00:00 0 
7fc5e2bfc000-7fc5e2bff000 ---p 00000000 00:00 0 
7fc5e2bff000-7fc5e2efd000 rw-p 00000000 00:00 0 
7fc5e2efd000-7fc5e30fd000 rw-p 00000000 00:00 0 
7fc5e30fd000-7fc5e32fd000 rw-p 00000000 00:00 0 
7fc5e32fd000-7fc5e34fd000 rw-p 00000000 00:00 0 
7fc5e34fd000-7fc5e36fd000 rw-p 00000000 00:00 0 
7fc5e36fd000-7fc5e38fd000 rw-p 00000000 00:00 0 
7fc5e38fd000-7fc5e3afd000 rw-p 00000000 00:00 0 
7fc5e3afd000-7fc5e3b00000 ---p 00000000 00:00 0 
7fc5e3b00000-7fc5e3bfe000 rw-p 00000000 00:00 0 
7fc5e3bfe000-7fc5e3c01000 ---p 00000000 00:00 0 
7fc5e3c01000-7fc5e3cff000 rw-p 00000000 00:00 0 
7fc5e3cff000-7fc5e3d02000 ---p 00000000 00:00 0 
7fc5e3d02000-7fc5e4000000 rw-p 00000000 00:00 0 
7fc5e4000000-7fc5e4021000 rw-p 00000000 00:00 0 
7fc5e4021000-7fc5e8000000 ---p 00000000 00:00 0 
7fc5e80e9000-7fc5e80ec000 ---p 00000000 00:00 0 
7fc5e80ec000-7fc5e81ea000 rw-p 00000000 00:00 0 
7fc5e81ea000-7fc5e81ed000 ---p 00000000 00:00 0 
7fc5e81ed000-7fc5e82eb000 rw-p 00000000 00:00 0 
7fc5e82eb000-7fc5e82ee000 ---p 00000000 00:00 0 
7fc5e82ee000-7fc5e83ec000 rw-p 00000000 00:00 0 
7fc5e83ec000-7fc5e83ef000 ---p 00000000 00:00 0 
7fc5e83ef000-7fc5e84ed000 rw-p 00000000 00:00 0 
7fc5e84ed000-7fc5e84f0000 ---p 00000000 00:00 0 
7fc5e84f0000-7fc5e85ee000 rw-p 00000000 00:00 0 
7fc5e85ee000-7fc5e8604000 r-xp 00000000 fd:00 1582193                    /usr/java/jdk1.8.0_172-amd64/jre/lib/amd64/libnet.so
7fc5e8604000-7fc5e8804000 ---p 00016000 fd:00 1582193                    /usr/java/jdk1.8.0_172-amd64/jre/lib/amd64/libnet.so
7fc5e8804000-7fc5e8805000 rw-p 00016000 fd:00 1582193                    /usr/java/jdk1.8.0_172-amd64/jre/lib/amd64/libnet.so
7fc5e8805000-7fc5e8816000 r-xp 00000000 fd:00 1582194                    /usr/java/jdk1.8.0_172-amd64/jre/lib/amd64/libnio.so
7fc5e8816000-7fc5e8a15000 ---p 00011000 fd:00 1582194                    /usr/java/jdk1.8.0_172-amd64/jre/lib/amd64/libnio.so
7fc5e8a15000-7fc5e8a16000 rw-p 00010000 fd:00 1582194                    /usr/java/jdk1.8.0_172-amd64/jre/lib/amd64/libnio.so
7fc5e8a16000-7fc5e8a1f000 r-xp 00000000 fd:00 1582191                    /usr/java/jdk1.8.0_172-amd64/jre/lib/amd64/libmanagement.so
7fc5e8a1f000-7fc5e8c1e000 ---p 00009000 fd:00 1582191                    /usr/java/jdk1.8.0_172-amd64/jre/lib/amd64/libmanagement.so
7fc5e8c1e000-7fc5e8c1f000 rw-p 00008000 fd:00 1582191                    /usr/java/jdk1.8.0_172-amd64/jre/lib/amd64/libmanagement.so
7fc5e8c1f000-7fc5e8dfe000 r--s 01b19000 fd:02 38802972                   /home/fito/.gradle/caches/modules-2/files-2.1/org.jetbrains.kotlin/kotlin-compiler-embeddable/1.3.21/677cc9553b8964c895abc76da9b6a0faea8f671d/kotlin-compiler-embeddable-1.3.21.jar
7fc5e8dfe000-7fc5e8dff000 ---p 00000000 00:00 0 
7fc5e8dff000-7fc5e8eff000 rw-p 00000000 00:00 0 
7fc5e8eff000-7fc5e8f02000 ---p 00000000 00:00 0 
7fc5e8f02000-7fc5ec000000 rw-p 00000000 00:00 0 
7fc5ec000000-7fc5ec021000 rw-p 00000000 00:00 0 
7fc5ec021000-7fc5f0000000 ---p 00000000 00:00 0 
7fc5f001e000-7fc5f0097000 r--s 010eb000 fd:00 1717166                    /usr/java/jdk1.8.0_172-amd64/lib/tools.jar
7fc5f0097000-7fc5f00ba000 r--s 0038e000 fd:00 1582245                    /usr/java/jdk1.8.0_172-amd64/jre/lib/ext/cldrdata.jar
7fc5f00ba000-7fc5f00f1000 r--s 00255000 fd:02 30670958                   /home/fito/.gradle/caches/modules-2/files-2.1/org.jetbrains.kotlin/kotlin-reflect/1.3.21/d0d5ff2ac2ebd8a42697af41e20fc225a23c5d3b/kotlin-reflect-1.3.21.jar
7fc5f00f1000-7fc5f00f2000 ---p 00000000 00:00 0 
7fc5f00f2000-7fc5f00f5000 ---p 00000000 00:00 0 
7fc5f00f5000-7fc5f01f2000 rw-p 00000000 00:00 0 
7fc5f01f2000-7fc5f01f3000 ---p 00000000 00:00 0 
7fc5f01f3000-7fc5f01f6000 ---p 00000000 00:00 0 
7fc5f01f6000-7fc5f02f3000 rw-p 00000000 00:00 0 
7fc5f02f3000-7fc5f02f4000 ---p 00000000 00:00 0 
7fc5f02f4000-7fc5f02f7000 ---p 00000000 00:00 0 
7fc5f02f7000-7fc5f03f4000 rw-p 00000000 00:00 0 
7fc5f03f4000-7fc5f03f7000 ---p 00000000 00:00 0 
7fc5f03f7000-7fc5f04f5000 rw-p 00000000 00:00 0 
7fc5f04f5000-7fc5f04f8000 ---p 00000000 00:00 0 
7fc5f04f8000-7fc5f05f6000 rw-p 00000000 00:00 0 
7fc5f05f6000-7fc5f05f9000 ---p 00000000 00:00 0 
7fc5f05f9000-7fc5f06f7000 rw-p 00000000 00:00 0 
7fc5f06f7000-7fc5f06f8000 ---p 00000000 00:00 0 
7fc5f06f8000-7fc5f1000000 rw-p 00000000 00:00 0 
7fc5f1000000-7fc5f47a0000 rwxp 00000000 00:00 0 
7fc5f47a0000-7fc600000000 ---p 00000000 00:00 0 
7fc600000000-7fc6003dc000 rw-p 00000000 00:00 0 
7fc6003dc000-7fc604000000 ---p 00000000 00:00 0 
7fc604008000-7fc60400f000 r--s 00050000 fd:02 54793719                   /home/fito/.gradle/caches/modules-2/files-2.1/org.jetbrains.kotlin/kotlin-annotation-processing-gradle/1.3.21/225aacd70ddfe71c72796bb317b3f12254c1ff3a/kotlin-annotation-processing-gradle-1.3.21.jar
7fc60400f000-7fc604017000 r--s 0004d000 fd:02 54267701                   /home/fito/.gradle/caches/modules-2/files-2.1/org.jetbrains.kotlin/kotlin-android-extensions/1.3.21/311c0d1cbb0a194e8712edaef7b92a8f0919ca26/kotlin-android-extensions-1.3.21.jar
7fc604017000-7fc604022000 r--s 00081000 fd:02 37355574                   /home/fito/.gradle/caches/modules-2/files-2.1/org.jetbrains.intellij.deps/trove4j/1.0.20181211/216c2e14b070f334479d800987affe4054cd563f/trove4j-1.0.20181211.jar
7fc604022000-7fc60483d000 rw-p 00000000 00:00 0 
7fc60483d000-7fc604a17000 r--s 03d22000 fd:00 1448109                    /usr/java/jdk1.8.0_172-amd64/jre/lib/rt.jar
7fc604a17000-7fc60558d000 rw-p 00000000 00:00 0 
7fc60558d000-7fc60558e000 ---p 00000000 00:00 0 
7fc60558e000-7fc60568e000 rw-p 00000000 00:00 0 
7fc60568e000-7fc60568f000 ---p 00000000 00:00 0 
7fc60568f000-7fc60578f000 rw-p 00000000 00:00 0 
7fc60578f000-7fc605790000 ---p 00000000 00:00 0 
7fc605790000-7fc605890000 rw-p 00000000 00:00 0 
7fc605890000-7fc605891000 ---p 00000000 00:00 0 
7fc605891000-7fc6059d3000 rw-p 00000000 00:00 0 
7fc6059d3000-7fc605b91000 ---p 00000000 00:00 0 
7fc605b91000-7fc605bd3000 rw-p 00000000 00:00 0 
7fc605bd3000-7fc605d91000 ---p 00000000 00:00 0 
7fc605d91000-7fc605e63000 rw-p 00000000 00:00 0 
7fc605e63000-7fc605e91000 ---p 00000000 00:00 0 
7fc605e91000-7fc605f71000 rw-p 00000000 00:00 0 
7fc605f71000-7fc606252000 ---p 00000000 00:00 0 
7fc606252000-7fc60626d000 r-xp 00000000 fd:00 1582208                    /usr/java/jdk1.8.0_172-amd64/jre/lib/amd64/libzip.so
7fc60626d000-7fc60646d000 ---p 0001b000 fd:00 1582208                    /usr/java/jdk1.8.0_172-amd64/jre/lib/amd64/libzip.so
7fc60646d000-7fc60646e000 rw-p 0001b000 fd:00 1582208                    /usr/java/jdk1.8.0_172-amd64/jre/lib/amd64/libzip.so
7fc60646e000-7fc606479000 r-xp 00000000 fd:00 1181143                    /usr/lib64/libnss_files-2.27.so
7fc606479000-7fc606678000 ---p 0000b000 fd:00 1181143                    /usr/lib64/libnss_files-2.27.so
7fc606678000-7fc606679000 r--p 0000a000 fd:00 1181143                    /usr/lib64/libnss_files-2.27.so
7fc606679000-7fc60667a000 rw-p 0000b000 fd:00 1181143                    /usr/lib64/libnss_files-2.27.so
7fc60667a000-7fc606680000 rw-p 00000000 00:00 0 
7fc606680000-7fc606688000 r-xp 00000000 fd:00 1199788                    /usr/lib64/libnss_sss.so.2
7fc606688000-7fc606887000 ---p 00008000 fd:00 1199788                    /usr/lib64/libnss_sss.so.2
7fc606887000-7fc606888000 r--p 00007000 fd:00 1199788                    /usr/lib64/libnss_sss.so.2
7fc606888000-7fc606889000 rw-p 00008000 fd:00 1199788                    /usr/lib64/libnss_sss.so.2
7fc606889000-7fc6068b4000 r-xp 00000000 fd:00 1582172                    /usr/java/jdk1.8.0_172-amd64/jre/lib/amd64/libjava.so
7fc6068b4000-7fc606ab3000 ---p 0002b000 fd:00 1582172                    /usr/java/jdk1.8.0_172-amd64/jre/lib/amd64/libjava.so
7fc606ab3000-7fc606ab5000 rw-p 0002a000 fd:00 1582172                    /usr/java/jdk1.8.0_172-amd64/jre/lib/amd64/libjava.so
7fc606ab5000-7fc606ac2000 r-xp 00000000 fd:00 1582207                    /usr/java/jdk1.8.0_172-amd64/jre/lib/amd64/libverify.so
7fc606ac2000-7fc606cc2000 ---p 0000d000 fd:00 1582207                    /usr/java/jdk1.8.0_172-amd64/jre/lib/amd64/libverify.so
7fc606cc2000-7fc606cc4000 rw-p 0000d000 fd:00 1582207                    /usr/java/jdk1.8.0_172-amd64/jre/lib/amd64/libverify.so
7fc606cc4000-7fc606ccb000 r-xp 00000000 fd:00 1181225                    /usr/lib64/librt-2.27.so
7fc606ccb000-7fc606eca000 ---p 00007000 fd:00 1181225                    /usr/lib64/librt-2.27.so
7fc606eca000-7fc606ecb000 r--p 00006000 fd:00 1181225                    /usr/lib64/librt-2.27.so
7fc606ecb000-7fc606ecc000 rw-p 00007000 fd:00 1181225                    /usr/lib64/librt-2.27.so
7fc606ecc000-7fc60705e000 r-xp 00000000 fd:00 1181036                    /usr/lib64/libm-2.27.so
7fc60705e000-7fc60725e000 ---p 00192000 fd:00 1181036                    /usr/lib64/libm-2.27.so
7fc60725e000-7fc60725f000 r--p 00192000 fd:00 1181036                    /usr/lib64/libm-2.27.so
7fc60725f000-7fc607260000 rw-p 00193000 fd:00 1181036                    /usr/lib64/libm-2.27.so
7fc607260000-7fc607f3c000 r-xp 00000000 fd:00 1582212                    /usr/java/jdk1.8.0_172-amd64/jre/lib/amd64/server/libjvm.so
7fc607f3c000-7fc60813c000 ---p 00cdc000 fd:00 1582212                    /usr/java/jdk1.8.0_172-amd64/jre/lib/amd64/server/libjvm.so
7fc60813c000-7fc608216000 rw-p 00cdc000 fd:00 1582212                    /usr/java/jdk1.8.0_172-amd64/jre/lib/amd64/server/libjvm.so
7fc608216000-7fc608261000 rw-p 00000000 00:00 0 
7fc608261000-7fc608416000 r-xp 00000000 fd:00 1180884                    /usr/lib64/libc-2.27.so
7fc608416000-7fc608616000 ---p 001b5000 fd:00 1180884                    /usr/lib64/libc-2.27.so
7fc608616000-7fc60861a000 r--p 001b5000 fd:00 1180884                    /usr/lib64/libc-2.27.so
7fc60861a000-7fc60861c000 rw-p 001b9000 fd:00 1180884                    /usr/lib64/libc-2.27.so
7fc60861c000-7fc608620000 rw-p 00000000 00:00 0 
7fc608620000-7fc608623000 r-xp 00000000 fd:00 1180906                    /usr/lib64/libdl-2.27.so
7fc608623000-7fc608822000 ---p 00003000 fd:00 1180906                    /usr/lib64/libdl-2.27.so
7fc608822000-7fc608823000 r--p 00002000 fd:00 1180906                    /usr/lib64/libdl-2.27.so
7fc608823000-7fc608824000 rw-p 00003000 fd:00 1180906                    /usr/lib64/libdl-2.27.so
7fc608824000-7fc60883a000 r-xp 00000000 fd:00 1582144                    /usr/java/jdk1.8.0_172-amd64/jre/lib/amd64/jli/libjli.so
7fc60883a000-7fc608a39000 ---p 00016000 fd:00 1582144                    /usr/java/jdk1.8.0_172-amd64/jre/lib/amd64/jli/libjli.so
7fc608a39000-7fc608a3a000 rw-p 00015000 fd:00 1582144                    /usr/java/jdk1.8.0_172-amd64/jre/lib/amd64/jli/libjli.so
7fc608a3a000-7fc608a53000 r-xp 00000000 fd:00 1181169                    /usr/lib64/libpthread-2.27.so
7fc608a53000-7fc608c53000 ---p 00019000 fd:00 1181169                    /usr/lib64/libpthread-2.27.so
7fc608c53000-7fc608c54000 r--p 00019000 fd:00 1181169                    /usr/lib64/libpthread-2.27.so
7fc608c54000-7fc608c55000 rw-p 0001a000 fd:00 1181169                    /usr/lib64/libpthread-2.27.so
7fc608c55000-7fc608c59000 rw-p 00000000 00:00 0 
7fc608c59000-7fc608c80000 r-xp 00000000 fd:00 1180793                    /usr/lib64/ld-2.27.so
7fc608c80000-7fc608c87000 r--s 0001f000 fd:02 36441417                   /home/fito/.gradle/caches/modules-2/files-2.1/org.jetbrains.kotlin/kotlin-stdlib-common/1.3.21/f30e4a9897913e53d778f564110bafa1fef46643/kotlin-stdlib-common-1.3.21.jar
7fc608c87000-7fc608c92000 r--s 0021a000 fd:00 1582262                    /usr/java/jdk1.8.0_172-amd64/jre/lib/ext/localedata.jar
7fc608c92000-7fc608d54000 rw-p 00000000 00:00 0 
7fc608d54000-7fc608d55000 ---p 00000000 00:00 0 
7fc608d55000-7fc608d58000 ---p 00000000 00:00 0 
7fc608d58000-7fc608e59000 rw-p 00000000 00:00 0 
7fc608e5a000-7fc608e5c000 r--s 00003000 fd:02 30802481                   /home/fito/.gradle/caches/modules-2/files-2.1/org.jetbrains/annotations/13.0/919f0dfe192fb4e063e7dacadee7f8bb9a2672a9/annotations-13.0.jar
7fc608e5c000-7fc608e5e000 r--s 00009000 fd:02 42735111                   /home/fito/.gradle/caches/modules-2/files-2.1/org.jetbrains.kotlin/kotlin-script-runtime/1.3.21/29363d474ee6fda354900636320a177c7286def9/kotlin-script-runtime-1.3.21.jar
7fc608e5e000-7fc608e62000 r--s 0009d000 fd:00 1448155                    /usr/java/jdk1.8.0_172-amd64/jre/lib/jsse.jar
7fc608e62000-7fc608e75000 r--s 0010f000 fd:02 52166873                   /home/fito/.gradle/caches/modules-2/files-2.1/org.jetbrains.kotlin/kotlin-stdlib/1.3.21/4bcc2012b84840e19e1e28074284cac908be0295/kotlin-stdlib-1.3.21.jar
7fc608e75000-7fc608e7d000 rw-s 00000000 00:2c 281186                     /tmp/hsperfdata_fito/6929
7fc608e7d000-7fc608e7e000 rw-p 00000000 00:00 0 
7fc608e7e000-7fc608e7f000 r--p 00000000 00:00 0 
7fc608e7f000-7fc608e80000 r--p 00026000 fd:00 1180793                    /usr/lib64/ld-2.27.so
7fc608e80000-7fc608e81000 rw-p 00027000 fd:00 1180793                    /usr/lib64/ld-2.27.so
7fc608e81000-7fc608e82000 rw-p 00000000 00:00 0 
7ffc0e0f6000-7ffc0e119000 rw-p 00000000 00:00 0                          [stack]
7ffc0e1ee000-7ffc0e1f1000 r--p 00000000 00:00 0                          [vvar]
7ffc0e1f1000-7ffc0e1f3000 r-xp 00000000 00:00 0                          [vdso]
ffffffffff600000-ffffffffff601000 r-xp 00000000 00:00 0                  [vsyscall]

VM Arguments:
jvm_args: -Djava.awt.headless=true -Djava.rmi.server.hostname=127.0.0.1 -Xmx1536m -Dkotlin.environment.keepalive 
java_command: org.jetbrains.kotlin.daemon.KotlinCompileDaemon --daemon-runFilesPath /home/fito/.local/share/kotlin/daemon --daemon-autoshutdownIdleSeconds=7200 --daemon-compilerClasspath /home/fito/.gradle/caches/modules-2/files-2.1/org.jetbrains.kotlin/kotlin-compiler-embeddable/1.3.21/677cc9553b8964c895abc76da9b6a0faea8f671d/kotlin-compiler-embeddable-1.3.21.jar:/home/fito/.gradle/caches/modules-2/files-2.1/org.jetbrains.kotlin/kotlin-reflect/1.3.21/d0d5ff2ac2ebd8a42697af41e20fc225a23c5d3b/kotlin-reflect-1.3.21.jar:/home/fito/.gradle/caches/modules-2/files-2.1/org.jetbrains.kotlin/kotlin-stdlib/1.3.21/4bcc2012b84840e19e1e28074284cac908be0295/kotlin-stdlib-1.3.21.jar:/home/fito/.gradle/caches/modules-2/files-2.1/org.jetbrains.kotlin/kotlin-script-runtime/1.3.21/29363d474ee6fda354900636320a177c7286def9/kotlin-script-runtime-1.3.21.jar:/home/fito/.gradle/caches/modules-2/files-2.1/org.jetbrains.intellij.deps/trove4j/1.0.20181211/216c2e14b070f334479d800987affe4054cd563f/trove4j-1.0.20181211.jar:/home/fito/.gradle/caches/modules-2/files-2.1/org.jetbrains.kotlin/kotlin-stdlib-common/1.3.21/f30e4a9897913e53d778f564110bafa1fef46643/kotlin-stdlib-common-1.3.21.jar:/home/fito/.gradle/caches/modules-2/files-2.1/org.jetbrains/annotations/13.0/919f0dfe192fb4e063e7dacadee7f8bb9a2672a9/annotations-13.0.jar:/usr/java/jdk1.8.0_172-amd64/lib/tools.jar
java_class_path (initial): /home/fito/.gradle/caches/modules-2/files-2.1/org.jetbrains.kotlin/kotlin-compiler-embeddable/1.3.21/677cc9553b8964c895abc76da9b6a0faea8f671d/kotlin-compiler-embeddable-1.3.21.jar:/home/fito/.gradle/caches/modules-2/files-2.1/org.jetbrains.kotlin/kotlin-reflect/1.3.21/d0d5ff2ac2ebd8a42697af41e20fc225a23c5d3b/kotlin-reflect-1.3.21.jar:/home/fito/.gradle/caches/modules-2/files-2.1/org.jetbrains.kotlin/kotlin-stdlib/1.3.21/4bcc2012b84840e19e1e28074284cac908be0295/kotlin-stdlib-1.3.21.jar:/home/fito/.gradle/caches/modules-2/files-2.1/org.jetbrains.kotlin/kotlin-script-runtime/1.3.21/29363d474ee6fda354900636320a177c7286def9/kotlin-script-runtime-1.3.21.jar:/home/fito/.gradle/caches/modules-2/files-2.1/org.jetbrains.intellij.deps/trove4j/1.0.20181211/216c2e14b070f334479d800987affe4054cd563f/trove4j-1.0.20181211.jar:/home/fito/.gradle/caches/modules-2/files-2.1/org.jetbrains.kotlin/kotlin-stdlib-common/1.3.21/f30e4a9897913e53d778f564110bafa1fef46643/kotlin-stdlib-common-1.3.21.jar:/home/fito/.gradle/caches/modules-2/files-2.1/org.jetbrains/annotations/13.0/919f0dfe192fb4e063e7dacadee7f8bb9a2672a9/annotations-13.0.jar:/usr/java/jdk1.8.0_172-amd64/lib/tools.jar
Launcher Type: SUN_STANDARD

Environment Variables:
JAVA_HOME=/usr/java/jdk1.8.0_172-amd64
PATH=/usr/share/Modules/bin:/usr/local/bin:/usr/local/sbin:/usr/bin:/usr/sbin:/var/lib/snapd/snap/bin:/usr/java/jdk1.8.0_172-amd64/bin:/usr/java/jdk1.8.0_172-amd64/bin:/home/fito/.local/bin:/home/fito/bin:/usr/java/jdk1.8.0_172-amd64/bin
USERNAME=fito
SHELL=/bin/bash
DISPLAY=:0

Signal Handlers:
SIGSEGV: [libjvm.so+0xad2ab0], sa_mask[0]=11111111011111111101111111111110, sa_flags=SA_RESTART|SA_SIGINFO
SIGBUS: [libjvm.so+0xad2ab0], sa_mask[0]=11111111011111111101111111111110, sa_flags=SA_RESTART|SA_SIGINFO
SIGFPE: [libjvm.so+0x92a790], sa_mask[0]=11111111011111111101111111111110, sa_flags=SA_RESTART|SA_SIGINFO
SIGPIPE: [libjvm.so+0x92a790], sa_mask[0]=11111111011111111101111111111110, sa_flags=SA_RESTART|SA_SIGINFO
SIGXFSZ: [libjvm.so+0x92a790], sa_mask[0]=11111111011111111101111111111110, sa_flags=SA_RESTART|SA_SIGINFO
SIGILL: [libjvm.so+0x92a790], sa_mask[0]=11111111011111111101111111111110, sa_flags=SA_RESTART|SA_SIGINFO
SIGUSR1: SIG_DFL, sa_mask[0]=00000000000000000000000000000000, sa_flags=none
SIGUSR2: [libjvm.so+0x92bff0], sa_mask[0]=00100000000000000000000000000000, sa_flags=SA_RESTART|SA_SIGINFO
SIGHUP: SIG_IGN, sa_mask[0]=00000000000000000000000000000000, sa_flags=none
SIGINT: [libjvm.so+0x92d3f0], sa_mask[0]=11111111011111111101111111111110, sa_flags=SA_RESTART|SA_SIGINFO
SIGTERM: [libjvm.so+0x92d3f0], sa_mask[0]=11111111011111111101111111111110, sa_flags=SA_RESTART|SA_SIGINFO
SIGQUIT: [libjvm.so+0x92d3f0], sa_mask[0]=11111111011111111101111111111110, sa_flags=SA_RESTART|SA_SIGINFO


---------------  S Y S T E M  ---------------

OS:Fedora release 28 (Twenty Eight)

uname:Linux 4.20.8-100.fc28.x86_64 #1 SMP Wed Feb 13 13:09:13 UTC 2019 x86_64
libc:glibc 2.27 NPTL 2.27 
rlimit: STACK 8192k, CORE infinity, NPROC 31305, NOFILE 4096, AS infinity
load average:7.38 8.30 4.97

/proc/meminfo:
MemTotal:        8046248 kB
MemFree:          153340 kB
MemAvailable:     483860 kB
Buffers:          148552 kB
Cached:           710488 kB
SwapCached:        46708 kB
Active:          5945484 kB
Inactive:        1510768 kB
Active(anon):    5697928 kB
Inactive(anon):  1254380 kB
Active(file):     247556 kB
Inactive(file):   256388 kB
Unevictable:          72 kB
Mlocked:              72 kB
SwapTotal:      16777212 kB
SwapFree:       16015356 kB
Dirty:              5356 kB
Writeback:             0 kB
AnonPages:       6572124 kB
Mapped:           380968 kB
Shmem:            355028 kB
KReclaimable:      93744 kB
Slab:             222708 kB
SReclaimable:      93744 kB
SUnreclaim:       128964 kB
KernelStack:       18400 kB
PageTables:        81832 kB
NFS_Unstable:          0 kB
Bounce:                0 kB
WritebackTmp:          0 kB
CommitLimit:    20800336 kB
Committed_AS:   14255060 kB
VmallocTotal:   34359738367 kB
VmallocUsed:           0 kB
VmallocChunk:          0 kB
Percpu:             2368 kB
HardwareCorrupted:     0 kB
AnonHugePages:         0 kB
ShmemHugePages:        0 kB
ShmemPmdMapped:        0 kB
CmaTotal:              0 kB
CmaFree:               0 kB
HugePages_Total:       0
HugePages_Free:        0
HugePages_Rsvd:        0
HugePages_Surp:        0
Hugepagesize:       2048 kB
Hugetlb:               0 kB
DirectMap4k:      265780 kB
DirectMap2M:     8003584 kB
DirectMap1G:           0 kB


CPU:total 4 (initial active 4) (2 cores per cpu, 2 threads per core) family 6 model 69 stepping 1, cmov, cx8, fxsr, mmx, sse, sse2, sse3, ssse3, sse4.1, sse4.2, popcnt, avx, avx2, aes, clmul, erms, lzcnt, ht, tsc, tscinvbit, bmi1, bmi2

/proc/cpuinfo:
processor	: 0
vendor_id	: GenuineIntel
cpu family	: 6
model		: 69
model name	: Intel(R) Core(TM) i7-4500U CPU @ 1.80GHz
stepping	: 1
microcode	: 0x24
cpu MHz		: 1847.050
cache size	: 4096 KB
physical id	: 0
siblings	: 4
core id		: 0
cpu cores	: 2
apicid		: 0
initial apicid	: 0
fpu		: yes
fpu_exception	: yes
cpuid level	: 13
wp		: yes
flags		: fpu vme de pse tsc msr pae mce cx8 apic sep mtrr pge mca cmov pat pse36 clflush dts acpi mmx fxsr sse sse2 ss ht tm pbe syscall nx pdpe1gb rdtscp lm constant_tsc arch_perfmon pebs bts rep_good nopl xtopology nonstop_tsc cpuid aperfmperf pni pclmulqdq dtes64 monitor ds_cpl vmx est tm2 ssse3 sdbg fma cx16 xtpr pdcm pcid sse4_1 sse4_2 movbe popcnt tsc_deadline_timer aes xsave avx f16c rdrand lahf_lm abm cpuid_fault epb invpcid_single pti ssbd ibrs ibpb stibp tpr_shadow vnmi flexpriority ept vpid ept_ad fsgsbase tsc_adjust bmi1 avx2 smep bmi2 erms invpcid xsaveopt dtherm ida arat pln pts flush_l1d
bugs		: cpu_meltdown spectre_v1 spectre_v2 spec_store_bypass l1tf
bogomips	: 4789.04
clflush size	: 64
cache_alignment	: 64
address sizes	: 39 bits physical, 48 bits virtual
power management:

processor	: 1
vendor_id	: GenuineIntel
cpu family	: 6
model		: 69
model name	: Intel(R) Core(TM) i7-4500U CPU @ 1.80GHz
stepping	: 1
microcode	: 0x24
cpu MHz		: 1802.538
cache size	: 4096 KB
physical id	: 0
siblings	: 4
core id		: 1
cpu cores	: 2
apicid		: 2
initial apicid	: 2
fpu		: yes
fpu_exception	: yes
cpuid level	: 13
wp		: yes
flags		: fpu vme de pse tsc msr pae mce cx8 apic sep mtrr pge mca cmov pat pse36 clflush dts acpi mmx fxsr sse sse2 ss ht tm pbe syscall nx pdpe1gb rdtscp lm constant_tsc arch_perfmon pebs bts rep_good nopl xtopology nonstop_tsc cpuid aperfmperf pni pclmulqdq dtes64 monitor ds_cpl vmx est tm2 ssse3 sdbg fma cx16 xtpr pdcm pcid sse4_1 sse4_2 movbe popcnt tsc_deadline_timer aes xsave avx f16c rdrand lahf_lm abm cpuid_fault epb invpcid_single pti ssbd ibrs ibpb stibp tpr_shadow vnmi flexpriority ept vpid ept_ad fsgsbase tsc_adjust bmi1 avx2 smep bmi2 erms invpcid xsaveopt dtherm ida arat pln pts flush_l1d
bugs		: cpu_meltdown spectre_v1 spectre_v2 spec_store_bypass l1tf
bogomips	: 4789.04
clflush size	: 64
cache_alignment	: 64
address sizes	: 39 bits physical, 48 bits virtual
power management:

processor	: 2
vendor_id	: GenuineIntel
cpu family	: 6
model		: 69
model name	: Intel(R) Core(TM) i7-4500U CPU @ 1.80GHz
stepping	: 1
microcode	: 0x24
cpu MHz		: 1762.410
cache size	: 4096 KB
physical id	: 0
siblings	: 4
core id		: 0
cpu cores	: 2
apicid		: 1
initial apicid	: 1
fpu		: yes
fpu_exception	: yes
cpuid level	: 13
wp		: yes
flags		: fpu vme de pse tsc msr pae mce cx8 apic sep mtrr pge mca cmov pat pse36 clflush dts acpi mmx fxsr sse sse2 ss ht tm pbe syscall nx pdpe1gb rdtscp lm constant_tsc arch_perfmon pebs bts rep_good nopl xtopology nonstop_tsc cpuid aperfmperf pni pclmulqdq dtes64 monitor ds_cpl vmx est tm2 ssse3 sdbg fma cx16 xtpr pdcm pcid sse4_1 sse4_2 movbe popcnt tsc_deadline_timer aes xsave avx f16c rdrand lahf_lm abm cpuid_fault epb invpcid_single pti ssbd ibrs ibpb stibp tpr_shadow vnmi flexpriority ept vpid ept_ad fsgsbase tsc_adjust bmi1 avx2 smep bmi2 erms invpcid xsaveopt dtherm ida arat pln pts flush_l1d
bugs		: cpu_meltdown spectre_v1 spectre_v2 spec_store_bypass l1tf
bogomips	: 4789.04
clflush size	: 64
cache_alignment	: 64
address sizes	: 39 bits physical, 48 bits virtual
power management:

processor	: 3
vendor_id	: GenuineIntel
cpu family	: 6
model		: 69
model name	: Intel(R) Core(TM) i7-4500U CPU @ 1.80GHz
stepping	: 1
microcode	: 0x24
cpu MHz		: 1667.948
cache size	: 4096 KB
physical id	: 0
siblings	: 4
core id		: 1
cpu cores	: 2
apicid		: 3
initial apicid	: 3
fpu		: yes
fpu_exception	: yes
cpuid level	: 13
wp		: yes
flags		: fpu vme de pse tsc msr pae mce cx8 apic sep mtrr pge mca cmov pat pse36 clflush dts acpi mmx fxsr sse sse2 ss ht tm pbe syscall nx pdpe1gb rdtscp lm constant_tsc arch_perfmon pebs bts rep_good nopl xtopology nonstop_tsc cpuid aperfmperf pni pclmulqdq dtes64 monitor ds_cpl vmx est tm2 ssse3 sdbg fma cx16 xtpr pdcm pcid sse4_1 sse4_2 movbe popcnt tsc_deadline_timer aes xsave avx f16c rdrand lahf_lm abm cpuid_fault epb invpcid_single pti ssbd ibrs ibpb stibp tpr_shadow vnmi flexpriority ept vpid ept_ad fsgsbase tsc_adjust bmi1 avx2 smep bmi2 erms invpcid xsaveopt dtherm ida arat pln pts flush_l1d
bugs		: cpu_meltdown spectre_v1 spectre_v2 spec_store_bypass l1tf
bogomips	: 4789.04
clflush size	: 64
cache_alignment	: 64
address sizes	: 39 bits physical, 48 bits virtual
power management:



Memory: 4k page, physical 8046248k(153340k free), swap 16777212k(16015356k free)

vm_info: Java HotSpot(TM) 64-Bit Server VM (25.172-b11) for linux-amd64 JRE (1.8.0_172-b11), built on Mar 28 2018 21:44:09 by "java_re" with gcc 4.3.0 20080428 (Red Hat 4.3.0-8)

time: Tue Mar  5 15:03:18 2019
elapsed time: 404 seconds (0d 0h 6m 44s)

